Build started 17/03/2016 2:18:08 PM.
     1>Project "D:\redsquaresupdated\ConsoleApplication1\ConsoleApplication1\ConsoleApplication1.vcxproj" on node 2 (Build target(s)).
     1>ClCompile:
         C:\Program Files (x86)\Microsoft Visual Studio 14.0\VC\bin\CL.exe /c /Zi /nologo /W3 /WX- /O2 /Oi /Ot /Oy- /GL /D WIN32 /D NDEBUG /D _CONSOLE /D _UNICODE /D UNICODE /Gm- /EHsc /MD /GS /Gy /fp:precise /Zc:wchar_t /Zc:forScope /Zc:inline /Fo"Release\\" /Fd"Release\vc140.pdb" /Gd /TP /analyze- /errorReport:prompt Sample2.cpp
         Sample2.cpp
     1>Sample2.cpp(517): warning C4101: 'ti': unreferenced local variable
     1>Sample2.cpp(517): warning C4101: 'tj': unreferenced local variable
     1>Sample2.cpp(516): warning C4101: 'j': unreferenced local variable
     1>Sample2.cpp(516): warning C4101: 'i': unreferenced local variable
     1>Sample2.cpp(947): warning C4101: 'q': unreferenced local variable
     1>Sample2.cpp(957): warning C4101: 'blurWidth': unreferenced local variable
     1>Sample2.cpp(1047): warning C4838: conversion from 'double' to 'GLfloat' requires a narrowing conversion
     1>Sample2.cpp(1253): warning C4805: '==': unsafe mix of type 'int' and type 'bool' in operation
     1>Sample2.cpp(1591): warning C4018: '<': signed/unsigned mismatch
     1>Sample2.cpp(1599): warning C4018: '<': signed/unsigned mismatch
     1>Sample2.cpp(1833): warning C4018: '<': signed/unsigned mismatch
     1>Sample2.cpp(1953): warning C4800: 'int': forcing value to bool 'true' or 'false' (performance warning)
     1>Sample2.cpp(1970): warning C4800: 'int': forcing value to bool 'true' or 'false' (performance warning)
     1>Sample2.cpp(1986): warning C4800: 'int': forcing value to bool 'true' or 'false' (performance warning)
     1>Sample2.cpp(2002): warning C4800: 'int': forcing value to bool 'true' or 'false' (performance warning)
     1>Sample2.cpp(2018): warning C4800: 'int': forcing value to bool 'true' or 'false' (performance warning)
     1>Sample2.cpp(2032): warning C4800: 'int': forcing value to bool 'true' or 'false' (performance warning)
     1>Sample2.cpp(2047): warning C4800: 'int': forcing value to bool 'true' or 'false' (performance warning)
     1>Sample2.cpp(2062): warning C4800: 'int': forcing value to bool 'true' or 'false' (performance warning)
     1>Sample2.cpp(2077): warning C4800: 'int': forcing value to bool 'true' or 'false' (performance warning)
       Link:
         C:\Program Files (x86)\Microsoft Visual Studio 14.0\VC\bin\link.exe /ERRORREPORT:PROMPT /OUT:"D:\redsquaresupdated\ConsoleApplication1\Release\ClutteredSquares.exe" /INCREMENTAL:NO /NOLOGO kernel32.lib user32.lib gdi32.lib winspool.lib comdlg32.lib advapi32.lib shell32.lib ole32.lib oleaut32.lib uuid.lib odbc32.lib odbccp32.lib ATC3DG.lib glut32.lib kernel32.lib user32.lib gdi32.lib winspool.lib comdlg32.lib advapi32.lib shell32.lib ole32.lib oleaut32.lib uuid.lib odbc32.lib odbccp32.lib /MANIFEST /MANIFESTUAC:"level='asInvoker' uiAccess='false'" /manifest:embed /Debug /PDB:"D:\redsquaresupdated\ConsoleApplication1\Release\ClutteredSquares.pdb" /SUBSYSTEM:CONSOLE /OPT:REF /OPT:ICF /LTCG:incremental /TLBID:1 /DYNAMICBASE /NXCOMPAT /IMPLIB:"D:\redsquaresupdated\ConsoleApplication1\Release\ClutteredSquares.lib" /MACHINE:X86 /SAFESEH Release\Sample2.obj
         Generating code
     1>d:\redsquaresupdated\consoleapplication1\consoleapplication1\sample2.cpp(1024): warning C4700: uninitialized local variable 'b' used
         1 of 330 functions ( 0.3%) were compiled, the rest were copied from previous compilation.
           0 functions were new in current compilation
           1 functions had inline decision re-evaluated but remain unchanged
         Finished generating code
         ConsoleApplication1.vcxproj -> D:\redsquaresupdated\ConsoleApplication1\Release\ClutteredSquares.exe
     1>Done Building Project "D:\redsquaresupdated\ConsoleApplication1\ConsoleApplication1\ConsoleApplication1.vcxproj" (Build target(s)).

Build succeeded.

Time Elapsed 00:00:02.71
