Oct  6 2009 11:42:10 Utility has successfully connected to DriveBay Tracker
Oct  6 2009 11:42:10 Utility is in user mode
Oct  6 2009 11:42:10 Utility has successfully connected to DriveBay Tracker
Oct  6 2009 11:42:10 Utility is in user mode
Oct  6 2009 11:42:10 Utility has successfully connected to DriveBay Tracker
Oct  6 2009 11:42:10 Utility is in user mode
Oct  6 2009 11:42:10 Downloading flash section 01
L:\Projects\ATC_TRAKSTAR\Release\ATC_trakSTAR_940038_RevD\driveBAY_Utility\DSP-Loader Files\poserver.po_ldr
Oct  6 2009 11:42:10 File size 1911384, created on 0-9-23 at 2009:14
Oct  6 2009 11:42:10 Downloading flash section 03
L:\Projects\ATC_TRAKSTAR\Release\ATC_trakSTAR_940038_RevD\driveBAY_Utility\DSP-Loader Files\mdsp.mdsp_ldr
Oct  6 2009 11:42:10 File size 504072, created on 0-9-9 at 2009:15
Oct  6 2009 11:42:10 Downloading flash section 04
L:\Projects\ATC_TRAKSTAR\Release\ATC_trakSTAR_940038_RevD\driveBAY_Utility\DSP-Loader Files\DiagStr.diag_bin
Oct  6 2009 11:42:10 File size 1780, created on 0-7-30 at 2009:10
Oct  6 2009 11:42:10 Downloading flash section 05
L:\Projects\ATC_TRAKSTAR\Release\ATC_trakSTAR_940038_RevD\driveBAY_Utility\DSP-Loader Files\ErrStr.err_bin
Oct  6 2009 11:42:10 File size 30480, created on 0-7-30 at 2009:10
Oct  6 2009 11:42:10 New settings applied to flash
Oct  6 2009 11:42:10 Utility has successfully connected to DriveBay Tracker
Oct  6 2009 11:42:10 Utility is in user mode
Oct  6 2009 11:42:10 Utility has successfully connected to DriveBay Tracker
Oct  6 2009 11:42:10 Utility is in user mode
Oct  6 2009 11:42:10 Utility has successfully connected to DriveBay Tracker
Oct  6 2009 11:42:10 Utility is in factory mode
Oct  6 2009 11:42:10 Downloading flash section 00
L:\Projects\3D_Guidance\driveBAY2\Software\Working\Aaron\MULTIBOOT\Release\Multi Boot Loader.boot_ldr
Oct  6 2009 11:42:10 File size 556440, created on 0-1-14 at 2010:9
Oct  6 2009 11:42:10 Utility has successfully connected to DriveBay Tracker
Oct  6 2009 11:42:10 Utility is in user mode
Oct  6 2009 11:42:10 Utility has successfully connected to DriveBay Tracker
Oct  6 2009 11:42:10 Utility is in factory mode
Oct  6 2009 11:42:10 Downloading flash section 00
L:\Projects\3D_Guidance\driveBAY2\Software\Working\Aaron\MULTIBOOT_4_0\Release\Multi Boot Loader.boot_ldr
Oct  6 2009 11:42:10 File size 633624, created on 0-1-14 at 2010:10
Oct  6 2009 11:42:10 Downloading flash section 00
L:\Projects\3D_Guidance\driveBAY2\Software\Working\Aaron\MULTIBOOT_4_0\Release\Multi Boot Loader.boot_ldr
Oct  6 2009 11:42:10 File size 633624, created on 0-1-14 at 2010:10
Oct  6 2009 11:42:10 Utility has successfully connected to DriveBay Tracker
Oct  6 2009 11:42:10 Utility is in user mode
Oct  6 2009 11:42:10 Utility has successfully connected to DriveBay Tracker
Oct  6 2009 11:42:10 Utility is in user mode
Oct  6 2009 11:42:10 Electronics unit is not connected
Oct  6 2009 11:42:10 Utility has successfully connected to DriveBay Tracker
Oct  6 2009 11:42:10 Utility is in user mode
Oct  6 2009 11:42:10 Utility has successfully connected to DriveBay Tracker
Oct  6 2009 11:42:10 Utility is in user mode
Oct  6 2009 11:42:10 Utility has successfully connected to DriveBay Tracker
Oct  6 2009 11:42:10 Utility is in user mode
Oct  6 2009 11:42:10 Utility has successfully connected to DriveBay Tracker
Oct  6 2009 11:42:10 Utility is in user mode
Oct  6 2009 11:42:10 Utility has successfully connected to DriveBay Tracker
Oct  6 2009 11:42:10 Utility is in user mode
Oct  6 2009 11:42:10 Utility has successfully connected to DriveBay Tracker
Oct  6 2009 11:42:10 Utility is in user mode
Oct  6 2009 11:42:10 Utility has successfully connected to DriveBay Tracker
Oct  6 2009 11:42:10 Utility is in user mode
Oct  6 2009 11:42:10 Utility has successfully connected to DriveBay Tracker
Oct  6 2009 11:42:10 Utility is in user mode
Oct  6 2009 11:42:10 Utility has successfully connected to DriveBay Tracker
Oct  6 2009 11:42:10 Utility is in user mode
Oct  6 2009 11:42:10 Utility has successfully connected to DriveBay Tracker
Oct  6 2009 11:42:10 Utility is in user mode
Oct  6 2009 11:42:10 Utility has successfully connected to DriveBay Tracker
Oct  6 2009 11:42:10 Utility is in user mode
Oct  6 2009 11:42:10 Utility has successfully connected to DriveBay Tracker
Oct  6 2009 11:42:10 Utility is in user mode
Oct  6 2009 11:42:10 Utility has successfully connected to DriveBay Tracker
Oct  6 2009 11:42:10 Utility is in user mode
Oct  6 2009 11:42:10 Utility has successfully connected to DriveBay Tracker
Oct  6 2009 11:42:10 Utility is in user mode
Oct  6 2009 11:42:10 Utility has successfully connected to DriveBay Tracker
Oct  6 2009 11:42:10 Utility is in user mode
Oct  6 2009 11:42:10 Utility has successfully connected to DriveBay Tracker
Oct  6 2009 11:42:10 Utility is in user mode
Oct  6 2009 11:42:10 Unable to read internal flash FCB table
Oct  6 2009 11:42:10 Utility has successfully connected to DriveBay Tracker
Oct  6 2009 11:42:10 Utility is in user mode
Oct  6 2009 11:42:10 Utility has successfully connected to DriveBay Tracker
Oct  6 2009 11:42:10 Utility is in user mode
Oct  6 2009 11:42:10 Downloading flash section 01
L:\Projects\3D_Guidance\driveBAY2\Software\Working\Aaron\POSERVERDIPOLE\Release\poserver.po_ldr
Oct  6 2009 11:42:10 File size 1856232, created on 0-2-1 at 2010:13
Oct  6 2009 11:42:10 Downloading flash section 03
L:\Projects\3D_Guidance\driveBAY2\Software\Working\Aaron\MDSP\Release\mdsp.mdsp_ldr
Oct  6 2009 11:42:10 File size 438360, created on 0-1-17 at 2010:11
Oct  6 2009 11:42:10 Utility has successfully connected to DriveBay Tracker
Oct  6 2009 11:42:10 Utility is in user mode
Oct  6 2009 11:42:10 Utility has successfully connected to DriveBay Tracker
Oct  6 2009 11:42:10 Utility is in user mode
Oct  6 2009 11:42:10 Downloading flash section 01
L:\Projects\3D_Guidance\driveBAY2\Software\Working\Aaron\POSERVERDIPOLE\Release\poserver.po_ldr
Oct  6 2009 11:42:10 File size 1856184, created on 0-2-1 at 2010:15
Oct  6 2009 11:42:10 Downloading flash section 03
L:\Projects\3D_Guidance\driveBAY2\Software\Working\Aaron\MDSP\Release\mdsp.mdsp_ldr
Oct  6 2009 11:42:10 File size 438360, created on 0-2-1 at 2010:15
Oct  6 2009 11:42:10 Utility has successfully connected to DriveBay Tracker
Oct  6 2009 11:42:10 Utility is in user mode
Oct  6 2009 11:42:10 Utility has successfully connected to DriveBay Tracker
Oct  6 2009 11:42:10 Utility is in factory mode
Oct  6 2009 11:42:10 Downloading flash section 00
L:\Projects\3D_Guidance\driveBAY2\Software\Working\Aaron\MULTIBOOT\Release\Multi Boot Loader.boot_ldr
Oct  6 2009 11:42:10 File size 556440, created on 0-2-1 at 2010:15
Oct  6 2009 11:42:10 Utility has successfully connected to DriveBay Tracker
Oct  6 2009 11:42:10 Utility is in factory mode
Oct  6 2009 11:42:10 Downloading flash section 00
L:\Projects\3D_Guidance\driveBAY2\Software\Working\Aaron\MULTIBOOT\Release\Multi Boot Loader.boot_ldr
Oct  6 2009 11:42:10 File size 556584, created on 0-2-1 at 2010:15
Oct  6 2009 11:42:10 Utility has successfully connected to DriveBay Tracker
Oct  6 2009 11:42:10 Utility is in user mode
Oct  6 2009 11:42:10 Utility has successfully connected to DriveBay Tracker
Oct  6 2009 11:42:10 Utility is in user mode
Oct  6 2009 11:42:10 Utility has successfully connected to DriveBay Tracker
Oct  6 2009 11:42:10 Utility is in user mode
Oct  6 2009 11:42:10 Utility has successfully connected to DriveBay Tracker
Oct  6 2009 11:42:10 Utility is in factory mode
Oct  6 2009 11:42:10 Downloading flash section 00
L:\Projects\3D_Guidance\driveBAY2\Software\Working\Aaron\MULTIBOOT\Release\Multi Boot Loader.boot_ldr
Oct  6 2009 11:42:10 File size 556584, created on 0-2-1 at 2010:15
Oct  6 2009 11:42:10 Utility has successfully connected to DriveBay Tracker
Oct  6 2009 11:42:10 Utility is in user mode
Oct  6 2009 11:42:10 Utility has successfully connected to DriveBay Tracker
Oct  6 2009 11:42:10 Utility is in user mode
Oct  6 2009 11:42:10 Utility has successfully connected to DriveBay Tracker
Oct  6 2009 11:42:10 Utility is in user mode
Oct  6 2009 11:42:10 Utility has successfully connected to DriveBay Tracker
Oct  6 2009 11:42:10 Utility is in factory mode
Oct  6 2009 11:42:10 Downloading flash section 00
L:\Projects\3D_Guidance\driveBAY2\Software\Working\Aaron\MULTIBOOT\Release\Multi Boot Loader.boot_ldr
Oct  6 2009 11:42:10 File size 556584, created on 0-2-1 at 2010:16
Oct  6 2009 11:42:10 Utility has successfully connected to DriveBay Tracker
Oct  6 2009 11:42:10 Utility is in factory mode
Oct  6 2009 11:42:10 Downloading flash section 00
L:\Projects\GE_drive_bay\Working\Deliverables WRT+MUBS.53 10-05-09\DSP-Loader Files\Multi Boot Loader.boot_ldr
Oct  6 2009 11:42:10 File size 633624, created on 0-7-25 at 2007:14
Oct  6 2009 11:42:10 Utility has successfully connected to DriveBay Tracker
Oct  6 2009 11:42:10 Utility is in factory mode
Oct  6 2009 11:42:10 Downloading flash section 00
L:\Projects\3D_Guidance\driveBAY2\Software\Working\Aaron\MULTIBOOT_4_0\Release\Multi Boot Loader.boot_ldr
Oct  6 2009 11:42:10 File size 633624, created on 0-1-14 at 2010:14
Oct  6 2009 11:42:10 Utility has successfully connected to DriveBay Tracker
Oct  6 2009 11:42:10 Utility is in factory mode
Oct  6 2009 11:42:10 Utility has successfully connected to DriveBay Tracker
Oct  6 2009 11:42:10 Utility is in user mode
Oct  6 2009 11:42:10 Utility has successfully connected to DriveBay Tracker
Oct  6 2009 11:42:10 Utility is in user mode
Oct  6 2009 11:42:10 Utility has successfully connected to DriveBay Tracker
Oct  6 2009 11:42:10 Utility is in factory mode
Oct  6 2009 11:42:10 Downloading flash section 00
L:\Projects\3D_Guidance\driveBAY2\Software\Working\Aaron\MULTIBOOT\Release\Multi Boot Loader.boot_ldr
Oct  6 2009 11:42:10 File size 556656, created on 0-2-2 at 2010:11
Oct  6 2009 11:42:10 Utility has successfully connected to DriveBay Tracker
Oct  6 2009 11:42:10 Utility is in factory mode
Oct  6 2009 11:42:10 Downloading flash section 00
L:\Projects\3D_Guidance\driveBAY2\Software\Working\Aaron\MULTIBOOT\Release\Multi Boot Loader.boot_ldr
Oct  6 2009 11:42:10 File size 556656, created on 0-2-2 at 2010:12
Oct  6 2009 11:42:10 Utility has successfully connected to DriveBay Tracker
Oct  6 2009 11:42:10 Utility is in factory mode
Oct  6 2009 11:42:10 Downloading flash section 00
L:\Projects\3D_Guidance\driveBAY2\Software\Working\Aaron\MULTIBOOT\Release\Multi Boot Loader.boot_ldr
Oct  6 2009 11:42:10 File size 556584, created on 0-2-2 at 2010:12
Oct  6 2009 11:42:10 Utility has successfully connected to DriveBay Tracker
Oct  6 2009 11:42:10 Utility is in user mode
Oct  6 2009 11:42:10 Downloading flash section 01
L:\Projects\3D_Guidance\driveBAY2\Software\Working\Aaron\POSERVERDIPOLE\Release\poserver.po_ldr
Oct  6 2009 11:42:10 File size 1856112, created on 0-2-2 at 2010:12
Oct  6 2009 11:42:10 Downloading flash section 03
L:\Projects\3D_Guidance\driveBAY2\Software\Working\Aaron\MDSP\Release\mdsp.mdsp_ldr
Oct  6 2009 11:42:10 File size 438288, created on 0-2-2 at 2010:12
Oct  6 2009 11:42:10 Utility has successfully connected to DriveBay Tracker
Oct  6 2009 11:42:10 Utility is in user mode
Oct  6 2009 11:42:10 New settings applied to flash
Oct  6 2009 11:42:10 Utility has successfully connected to DriveBay Tracker
Oct  6 2009 11:42:10 Utility is in user mode
Oct  6 2009 11:42:10 Utility has successfully connected to DriveBay Tracker
Oct  6 2009 11:42:10 Utility is in factory mode
Oct  6 2009 11:42:10 Downloading flash section 00
L:\Projects\3D_Guidance\driveBAY2\Software\Working\Aaron\MULTIBOOT\Release\Multi Boot Loader.boot_ldr
Oct  6 2009 11:42:10 File size 556656, created on 0-2-3 at 2010:9
Oct  6 2009 11:42:10 Downloading flash section 01
L:\Projects\3D_Guidance\driveBAY2\Software\Working\Aaron\POSERVERDIPOLE\Release\poserver.po_ldr
Oct  6 2009 11:42:10 File size 1856184, created on 0-2-3 at 2010:10
Oct  6 2009 11:42:10 Downloading flash section 03
L:\Projects\3D_Guidance\driveBAY2\Software\Working\Aaron\MDSP\Release\mdsp.mdsp_ldr
Oct  6 2009 11:42:10 File size 438360, created on 0-2-3 at 2010:9
Oct  6 2009 11:42:10 Utility has successfully connected to DriveBay Tracker
Oct  6 2009 11:42:10 Utility is in factory mode
Oct  6 2009 11:42:10 Utility has successfully connected to DriveBay Tracker
Oct  6 2009 11:42:10 Utility is in user mode
Oct  6 2009 11:42:10 Utility has successfully connected to DriveBay Tracker
Oct  6 2009 11:42:10 Utility is in user mode
Oct  6 2009 11:42:10 Utility has successfully connected to DriveBay Tracker
Oct  6 2009 11:42:10 Utility is in user mode
Oct  6 2009 11:42:10 Utility has successfully connected to DriveBay Tracker
Oct  6 2009 11:42:10 Utility is in user mode
Oct  6 2009 11:42:10 Utility has successfully connected to DriveBay Tracker
Oct  6 2009 11:42:10 Utility is in factory mode
Oct  6 2009 11:42:10 Downloading flash section 00
L:\Projects\3D_Guidance\driveBAY2\Software\Work_Package\Project Setup\VisualDSP++ 5.0 Upgrade\Multiboot Loader 5_0 baseline.boot_ldr
Oct  6 2009 11:42:10 File size 556656, created on 0-2-3 at 2010:13
Oct  6 2009 11:42:10 Downloading flash section 03
L:\Projects\3D_Guidance\driveBAY2\Software\Work_Package\Project Setup\VisualDSP++ 5.0 Upgrade\MDSP 5_0 baseline.mdsp_ldr
Oct  6 2009 11:42:10 File size 438360, created on 0-2-3 at 2010:13
Oct  6 2009 11:42:10 Downloading flash section 01
L:\Projects\3D_Guidance\driveBAY2\Software\Work_Package\Project Setup\VisualDSP++ 5.0 Upgrade\PO Server 5_0 baseline.po_ldr
Oct  6 2009 11:42:10 File size 1856184, created on 0-2-3 at 2010:13
Oct  6 2009 11:42:10 Utility has successfully connected to DriveBay Tracker
Oct  6 2009 11:42:10 Utility is in user mode
Oct  6 2009 11:42:10 Utility has successfully connected to DriveBay Tracker
Oct  6 2009 11:42:10 Utility is in user mode
Oct  6 2009 11:42:10 Utility has successfully connected to DriveBay Tracker
Oct  6 2009 11:42:10 Utility is in user mode
Oct  6 2009 11:42:10 Downloading flash section 01
L:\Projects\3D_Guidance\driveBAY2\Software\Working\Aaron\POSERVERDIPOLE\Release\poserver.po_ldr
Oct  6 2009 11:42:10 File size 1856112, created on 0-2-4 at 2010:13
Oct  6 2009 11:42:10 Utility has successfully connected to DriveBay Tracker
Oct  6 2009 11:42:10 Utility is in user mode
Oct  6 2009 11:42:10 Utility has successfully connected to DriveBay Tracker
Oct  6 2009 11:42:10 Utility is in user mode
Oct  6 2009 11:42:10 Utility has successfully connected to DriveBay Tracker
Oct  6 2009 11:42:10 Utility is in user mode
Oct  6 2009 11:42:10 Utility has successfully connected to DriveBay Tracker
Oct  6 2009 11:42:10 Utility is in user mode
Oct  6 2009 11:42:10 Utility has successfully connected to DriveBay Tracker
Oct  6 2009 11:42:10 Utility is in user mode
Oct  6 2009 11:42:10 Downloading flash section 01
L:\Projects\3D_Guidance\driveBAY2\Software\Working\Alec\POSERVERDIPOLE\Debug\poserver.po_ldr
Oct  6 2009 11:42:10 File size 1678824, created on 0-1-19 at 2010:10
Oct  6 2009 11:42:10 Downloading flash section 03
L:\Projects\3D_Guidance\driveBAY2\Software\Working\Aaron\MDSP\Release\mdsp.mdsp_ldr
Oct  6 2009 11:42:10 File size 438360, created on 0-2-4 at 2010:13
Oct  6 2009 11:42:10 Utility has successfully connected to DriveBay Tracker
Oct  6 2009 11:42:10 Utility is in user mode
Oct  6 2009 11:42:10 Utility has successfully connected to DriveBay Tracker
Oct  6 2009 11:42:10 Utility is in user mode
Oct  6 2009 11:42:10 Downloading flash section 01
L:\Projects\3D_Guidance\driveBAY2\Software\Working\Aaron\POSERVERDIPOLE\Release\poserver.po_ldr
Oct  6 2009 11:42:10 File size 1856184, created on 0-2-4 at 2010:13
Oct  6 2009 11:42:10 Downloading flash section 03
L:\Projects\3D_Guidance\driveBAY2\Software\Working\Aaron\MDSP\Release\mdsp.mdsp_ldr
Oct  6 2009 11:42:10 File size 438360, created on 0-2-4 at 2010:13
Oct  6 2009 11:42:10 Downloading flash section 03
L:\Projects\3D_Guidance\driveBAY2\Software\Working\Aaron\MDSP\Release\mdsp.mdsp_ldr
Oct  6 2009 11:42:10 File size 438360, created on 0-2-4 at 2010:13
Oct  6 2009 11:42:10 Utility has successfully connected to DriveBay Tracker
Oct  6 2009 11:42:10 Utility is in user mode
Oct  6 2009 11:42:10 Downloading flash section 01
L:\Projects\3D_Guidance\driveBAY2\Software\Work_Package\Project Setup\VisualDSP++ 5.0 Upgrade\PO Server Dipole 5.0 baseline.po_ldr
Oct  6 2009 11:42:10 File size 1856184, created on 0-2-4 at 2010:13
Oct  6 2009 11:42:10 Downloading flash section 01
L:\Projects\3D_Guidance\driveBAY2\Software\Work_Package\Project Setup\VisualDSP++ 5.0 Upgrade\PO Server Dipole 5.0 baseline.po_ldr
Oct  6 2009 11:42:10 File size 1856184, created on 0-2-4 at 2010:13
Oct  6 2009 11:42:10 Downloading flash section 03
L:\Projects\3D_Guidance\driveBAY2\Software\Work_Package\Project Setup\VisualDSP++ 5.0 Upgrade\MDSP  5.0 baseline.mdsp_ldr
Oct  6 2009 11:42:10 File size 438360, created on 0-2-4 at 2010:13
Oct  6 2009 11:42:10 Downloading flash section 03
L:\Projects\3D_Guidance\driveBAY2\Software\Work_Package\Project Setup\VisualDSP++ 5.0 Upgrade\MDSP  5.0 baseline.mdsp_ldr
Oct  6 2009 11:42:10 File size 438360, created on 0-2-4 at 2010:13
Oct  6 2009 11:42:10 Utility has successfully connected to DriveBay Tracker
Oct  6 2009 11:42:10 Utility is in user mode
Oct  6 2009 11:42:10 Downloading flash section 01
L:\Projects\3D_Guidance\driveBAY2\Software\Work_Package\Project Setup\VisualDSP++ 5.0 Upgrade\PO Server Dipole 5.0 baseline.po_ldr
Oct  6 2009 11:42:10 File size 1856184, created on 0-2-4 at 2010:13
Oct  6 2009 11:42:10 Downloading flash section 03
L:\Projects\3D_Guidance\driveBAY2\Software\Work_Package\Project Setup\VisualDSP++ 5.0 Upgrade\MDSP  5.0 baseline.mdsp_ldr
Oct  6 2009 11:42:10 File size 438360, created on 0-2-4 at 2010:13
Oct  6 2009 11:42:10 Downloading flash section 03
L:\Projects\3D_Guidance\driveBAY2\Software\Work_Package\Project Setup\VisualDSP++ 5.0 Upgrade\MDSP  5.0 baseline.mdsp_ldr
Oct  6 2009 11:42:10 File size 438360, created on 0-2-4 at 2010:13
Oct  6 2009 11:42:10 Utility has successfully connected to DriveBay Tracker
Oct  6 2009 11:42:10 Utility is in user mode
Oct  6 2009 11:42:10 Downloading flash section 01
L:\Projects\3D_Guidance\driveBAY2\Software\Working\Alec\POServer-Dipole\Release\poserver.po_ldr
Oct  6 2009 11:42:10 File size 1856184, created on 0-3-2 at 2010:8
Oct  6 2009 11:42:10 Downloading flash section 01
L:\Projects\3D_Guidance\driveBAY2\Software\Working\Alec\POServer-Dipole\Release\poserver.po_ldr
Oct  6 2009 11:42:10 File size 1856184, created on 0-3-2 at 2010:8
Oct  6 2009 11:42:10 Downloading flash section 03
L:\Projects\3D_Guidance\driveBAY2\Software\Working\Alec\mdsp\Release\mdsp.mdsp_ldr
Oct  6 2009 11:42:10 File size 438360, created on 0-3-2 at 2010:8
Oct  6 2009 11:42:10 Downloading flash section 03
L:\Projects\3D_Guidance\driveBAY2\Software\Working\Alec\mdsp\Release\mdsp.mdsp_ldr
Oct  6 2009 11:42:10 File size 438360, created on 0-3-2 at 2010:8
Oct  6 2009 11:42:10 Utility has successfully connected to DriveBay Tracker
Oct  6 2009 11:42:10 Utility is in user mode
Oct  6 2009 11:42:10 Downloading flash section 01
L:\Projects\3D_Guidance\driveBAY2\Software\Working\Alec\POServer-Dipole\Release\poserver.po_ldr
Oct  6 2009 11:42:10 File size 1856544, created on 0-3-2 at 2010:9
Oct  6 2009 11:42:10 Downloading flash section 01
L:\Projects\3D_Guidance\driveBAY2\Software\Working\Alec\POServer-Dipole\Release\poserver.po_ldr
Oct  6 2009 11:42:10 File size 1856544, created on 0-3-2 at 2010:9
Oct  6 2009 11:42:10 Utility has successfully connected to DriveBay Tracker
Oct  6 2009 11:42:10 Utility is in user mode
Oct  6 2009 11:42:10 Downloading flash section 01
L:\Projects\3D_Guidance\driveBAY2\Software\Working\Alec\POServer-Dipole\Release\poserver.po_ldr
Oct  6 2009 11:42:10 File size 1856184, created on 0-3-2 at 2010:9
Oct  6 2009 11:42:10 Downloading flash section 01
L:\Projects\3D_Guidance\driveBAY2\Software\Working\Alec\POServer-Dipole\Release\poserver.po_ldr
Oct  6 2009 11:42:10 File size 1856184, created on 0-3-2 at 2010:9
Oct  6 2009 11:42:10 Utility has successfully connected to DriveBay Tracker
Oct  6 2009 11:42:10 Utility is in user mode
Oct  6 2009 11:42:10 Downloading flash section 01
L:\Projects\3D_Guidance\driveBAY2\Software\Working\Alec\POServer-Dipole\Release\poserver.po_ldr
Oct  6 2009 11:42:10 File size 1856544, created on 0-3-3 at 2010:8
Oct  6 2009 11:42:10 Utility has successfully connected to DriveBay Tracker
Oct  6 2009 11:42:10 Utility is in user mode
Oct  6 2009 11:42:10 Downloading flash section 01
L:\Projects\3D_Guidance\driveBAY2\Software\Working\Alec\POServer-Dipole\Release\poserver.po_ldr
Oct  6 2009 11:42:10 File size 1856400, created on 0-3-3 at 2010:8
Oct  6 2009 11:42:10 Unable to read internal flash FCB table
Oct  6 2009 11:42:10 Utility has successfully connected to DriveBay Tracker
Oct  6 2009 11:42:10 Utility is in user mode
Oct  6 2009 11:42:10 Utility has successfully connected to DriveBay Tracker
Oct  6 2009 11:42:10 Utility is in user mode
Oct  6 2009 11:42:10 Utility has successfully connected to DriveBay Tracker
Oct  6 2009 11:42:10 Utility is in user mode
Oct  6 2009 11:42:10 Downloading flash section 01
L:\Projects\3D_Guidance\driveBAY2\Software\Working\Aaron\POSERVERNONDIPOLE\Deliverable\PO Server - Non Dipole.po_ldr
Oct  6 2009 11:42:10 File size 1467120, created on 0-3-15 at 2010:17
Oct  6 2009 11:42:10 Unable to read internal flash FCB table
Oct  6 2009 11:42:10 Unable to read internal flash FCB table
Oct  6 2009 11:42:10 Unable to read internal flash FCB table
Oct  6 2009 11:42:10 Unable to read internal flash FCB table
Oct  6 2009 11:42:10 Utility has successfully connected to DriveBay Tracker
Oct  6 2009 11:42:10 Utility is in user mode
Oct  6 2009 11:42:10 Creating new FCB table
Oct  6 2009 11:42:10 New settings applied to flash
Oct  6 2009 11:42:10 Utility has successfully connected to DriveBay Tracker
Oct  6 2009 11:42:10 Utility is in factory mode
Oct  6 2009 11:42:10 Creating new FCB table
Oct  6 2009 11:42:10 New settings applied to flash
Oct  6 2009 11:42:10 Downloading flash section 00
L:\Projects\3D_Guidance\driveBAY2\Software\Work_Package\Project Setup\VisualDSP++ 5.0 Upgrade\MultiBoot-Baseline\Release\Multi Boot Loader.boot_ldr
Oct  6 2009 11:42:10 File size 556656, created on 0-2-3 at 2010:14
Oct  6 2009 11:42:10 Downloading flash section 01
L:\Projects\3D_Guidance\driveBAY2\Software\Work_Package\Project Setup\VisualDSP++ 5.0 Upgrade\POServer-Dipole\Release\poserver.po_ldr
Oct  6 2009 11:42:10 File size 1856184, created on 0-2-4 at 2010:14
Oct  6 2009 11:42:10 Downloading flash section 01
L:\Projects\3D_Guidance\driveBAY2\Software\Work_Package\Project Setup\VisualDSP++ 5.0 Upgrade\POServer-Dipole\Release\poserver.po_ldr
Oct  6 2009 11:42:10 File size 1856184, created on 0-2-4 at 2010:14
Oct  6 2009 11:42:10 Downloading flash section 03
L:\Projects\3D_Guidance\driveBAY2\Software\Work_Package\Project Setup\VisualDSP++ 5.0 Upgrade\MDSP-Baseline\Release\mdsp.mdsp_ldr
Oct  6 2009 11:42:10 File size 438360, created on 0-2-3 at 2010:14
Oct  6 2009 11:42:10 Downloading flash section 03
L:\Projects\3D_Guidance\driveBAY2\Software\Work_Package\Project Setup\VisualDSP++ 5.0 Upgrade\MDSP-Baseline\Release\mdsp.mdsp_ldr
Oct  6 2009 11:42:10 File size 438360, created on 0-2-3 at 2010:14
Oct  6 2009 11:42:10 Downloading flash section 04
L:\Projects\ATC_TRAKSTAR\Release\ATC_trakSTAR_940038_RevD\driveBAY_Utility\DSP-Loader Files\DiagStr.diag_bin
Oct  6 2009 11:42:10 File size 1780, created on 0-7-30 at 2009:11
Oct  6 2009 11:42:10 Downloading flash section 05
L:\Projects\ATC_TRAKSTAR\Release\ATC_trakSTAR_940038_RevD\driveBAY_Utility\DSP-Loader Files\ErrStr.err_bin
Oct  6 2009 11:42:10 File size 30480, created on 0-7-30 at 2009:11
Oct  6 2009 11:42:10 Utility has successfully connected to DriveBay Tracker
Oct  6 2009 11:42:10 Utility is in user mode
Oct  6 2009 11:42:10 Utility has successfully connected to DriveBay Tracker
Oct  6 2009 11:42:10 Utility is in factory mode
Oct  6 2009 11:42:10 Downloading flash section 01
L:\Projects\3D_Guidance\driveBAY2\Software\Work_Package\Project Setup\VisualDSP++ 5.0 Upgrade\PO Server Dipole 5.0 baseline.po_ldr
Oct  6 2009 11:42:10 File size 1856184, created on 0-2-4 at 2010:14
Oct  6 2009 11:42:10 Downloading flash section 01
L:\Projects\3D_Guidance\driveBAY2\Software\Work_Package\Project Setup\VisualDSP++ 5.0 Upgrade\PO Server Dipole 5.0 baseline.po_ldr
Oct  6 2009 11:42:10 File size 1856184, created on 0-2-4 at 2010:14
Oct  6 2009 11:42:10 Downloading flash section 03
L:\Projects\3D_Guidance\driveBAY2\Software\Work_Package\Project Setup\VisualDSP++ 5.0 Upgrade\MDSP  5.0 baseline.mdsp_ldr
Oct  6 2009 11:42:10 File size 438360, created on 0-2-4 at 2010:14
Oct  6 2009 11:42:10 Downloading flash section 03
L:\Projects\3D_Guidance\driveBAY2\Software\Work_Package\Project Setup\VisualDSP++ 5.0 Upgrade\MDSP  5.0 baseline.mdsp_ldr
Oct  6 2009 11:42:10 File size 438360, created on 0-2-4 at 2010:14
Oct  6 2009 11:42:10 New settings applied to flash
Oct  6 2009 11:42:10 Utility has successfully connected to DriveBay Tracker
Oct  6 2009 11:42:10 Utility is in user mode
Oct  6 2009 11:42:10 Utility has successfully connected to DriveBay Tracker
Oct  6 2009 11:42:10 Utility is in user mode
Oct  6 2009 11:42:10 Downloading flash section 01
L:\Projects\ATC_TRAKSTAR\Release\ATC_trakSTAR_940038_RevD\trakSTAR_Utility\DSP-Loader Files\poserver.po_ldr
Oct  6 2009 11:42:10 File size 1911384, created on 0-9-23 at 2009:15
Oct  6 2009 11:42:10 Downloading flash section 03
L:\Projects\ATC_TRAKSTAR\Release\ATC_trakSTAR_940038_RevD\trakSTAR_Utility\DSP-Loader Files\mdsp.mdsp_ldr
Oct  6 2009 11:42:10 File size 504072, created on 0-9-9 at 2009:16
Oct  6 2009 11:42:10 Downloading flash section 04
L:\Projects\ATC_TRAKSTAR\Release\ATC_trakSTAR_940038_RevD\trakSTAR_Utility\DSP-Loader Files\DiagStr.diag_bin
Oct  6 2009 11:42:10 File size 1780, created on 0-7-30 at 2009:11
Oct  6 2009 11:42:10 Downloading flash section 05
L:\Projects\ATC_TRAKSTAR\Release\ATC_trakSTAR_940038_RevD\trakSTAR_Utility\DSP-Loader Files\ErrStr.err_bin
Oct  6 2009 11:42:10 File size 30480, created on 0-7-30 at 2009:11
Oct  6 2009 11:42:10 New settings applied to flash
Oct  6 2009 11:42:10 Unable to read internal flash FCB table
Oct  6 2009 11:42:10 Utility has successfully connected to DriveBay Tracker
Oct  6 2009 11:42:10 Utility is in user mode
Oct  6 2009 11:42:10 New settings applied to flash
Oct  6 2009 11:42:10 Utility has successfully connected to DriveBay Tracker
Oct  6 2009 11:42:10 Utility is in user mode
Oct  6 2009 11:42:10 New settings applied to flash
Oct  6 2009 11:42:10 Utility has successfully connected to DriveBay Tracker
Oct  6 2009 11:42:10 Utility is in user mode
Oct  6 2009 11:42:10 Utility has successfully connected to DriveBay Tracker
Oct  6 2009 11:42:10 Utility is in user mode
Oct  6 2009 11:42:10 Utility has successfully connected to DriveBay Tracker
Oct  6 2009 11:42:10 Utility is in user mode
Oct  6 2009 11:42:10 New settings applied to flash
Oct  6 2009 11:42:10 Downloading flash section 01
L:\Projects\ATC_TRAKSTAR\Release\ATC_trakSTAR_940038_RevD\driveBAY_Utility\DSP-Loader Files\poserver.po_ldr
Oct  6 2009 11:42:10 File size 1911384, created on 0-9-23 at 2009:15
Oct  6 2009 11:42:10 Downloading flash section 03
L:\Projects\ATC_TRAKSTAR\Release\ATC_trakSTAR_940038_RevD\driveBAY_Utility\DSP-Loader Files\mdsp.mdsp_ldr
Oct  6 2009 11:42:10 File size 504072, created on 0-9-9 at 2009:16
Oct  6 2009 11:42:10 Downloading flash section 04
L:\Projects\ATC_TRAKSTAR\Release\ATC_trakSTAR_940038_RevD\driveBAY_Utility\DSP-Loader Files\DiagStr.diag_bin
Oct  6 2009 11:42:10 File size 1780, created on 0-7-30 at 2009:11
Oct  6 2009 11:42:10 Downloading flash section 05
L:\Projects\ATC_TRAKSTAR\Release\ATC_trakSTAR_940038_RevD\driveBAY_Utility\DSP-Loader Files\ErrStr.err_bin
Oct  6 2009 11:42:10 File size 30480, created on 0-7-30 at 2009:11
Oct  6 2009 11:42:10 New settings applied to flash
Oct  6 2009 11:42:10 Utility has successfully connected to DriveBay Tracker
Oct  6 2009 11:42:10 Utility is in user mode
Oct  6 2009 11:42:10 Utility has successfully connected to DriveBay Tracker
Oct  6 2009 11:42:10 Utility is in user mode
Oct  6 2009 11:42:10 Utility has successfully connected to DriveBay Tracker
Oct  6 2009 11:42:10 Utility is in user mode
Oct  6 2009 11:42:10 Utility has successfully connected to DriveBay Tracker
Oct  6 2009 11:42:10 Utility is in user mode
Oct  6 2009 11:42:10 Utility has successfully connected to DriveBay Tracker
Oct  6 2009 11:42:10 Utility is in user mode
Oct  6 2009 11:42:10 Downloading flash section 01
L:\Projects\ATC_TRAKSTAR\Release\ATC_trakSTAR_940038_RevC\trakSTAR_Utility\DSP-Loader Files\poserver.po_ldr
Oct  6 2009 11:42:10 File size 1850088, created on 0-4-10 at 2009:13
Oct  6 2009 11:42:10 Downloading flash section 01
L:\Projects\ATC_TRAKSTAR\Release\ATC_trakSTAR_940038_RevC\trakSTAR_Utility\DSP-Loader Files\poserver.po_ldr
Oct  6 2009 11:42:10 File size 1850088, created on 0-4-10 at 2009:13
Oct  6 2009 11:42:10 Downloading flash section 03
L:\Projects\ATC_TRAKSTAR\Release\ATC_trakSTAR_940038_RevC\trakSTAR_Utility\DSP-Loader Files\mdsp.mdsp_ldr
Oct  6 2009 11:42:10 File size 502008, created on 0-4-8 at 2009:14
Oct  6 2009 11:42:10 Downloading flash section 03
L:\Projects\ATC_TRAKSTAR\Release\ATC_trakSTAR_940038_RevC\trakSTAR_Utility\DSP-Loader Files\mdsp.mdsp_ldr
Oct  6 2009 11:42:10 File size 502008, created on 0-4-8 at 2009:14
Oct  6 2009 11:42:10 Downloading flash section 04
L:\Projects\ATC_TRAKSTAR\Release\ATC_trakSTAR_940038_RevC\trakSTAR_Utility\DSP-Loader Files\DiagStr.diag_bin
Oct  6 2009 11:42:10 File size 1780, created on 0-4-8 at 2009:14
Oct  6 2009 11:42:10 Downloading flash section 05
L:\Projects\ATC_TRAKSTAR\Release\ATC_trakSTAR_940038_RevC\trakSTAR_Utility\DSP-Loader Files\ErrStr.err_bin
Oct  6 2009 11:42:10 File size 30480, created on 0-4-8 at 2009:14
Oct  6 2009 11:42:10 Utility has successfully connected to DriveBay Tracker
Oct  6 2009 11:42:10 Utility is in user mode
Oct  6 2009 11:42:10 Utility has successfully connected to DriveBay Tracker
Oct  6 2009 11:42:10 Utility is in user mode
Oct  6 2009 11:42:10 Downloading flash section 01
L:\Projects\ATC_TRAKSTAR\Release\ATC_trakSTAR_940038_RevD\trakSTAR_Utility\DSP-Loader Files\poserver.po_ldr
Oct  6 2009 11:42:10 File size 1911384, created on 0-9-23 at 2009:15
Oct  6 2009 11:42:10 Downloading flash section 03
L:\Projects\ATC_TRAKSTAR\Release\ATC_trakSTAR_940038_RevD\trakSTAR_Utility\DSP-Loader Files\mdsp.mdsp_ldr
Oct  6 2009 11:42:10 File size 504072, created on 0-9-9 at 2009:16
Oct  6 2009 11:42:10 Downloading flash section 04
L:\Projects\ATC_TRAKSTAR\Release\ATC_trakSTAR_940038_RevD\trakSTAR_Utility\DSP-Loader Files\DiagStr.diag_bin
Oct  6 2009 11:42:10 File size 1780, created on 0-7-30 at 2009:11
Oct  6 2009 11:42:10 Downloading flash section 05
L:\Projects\ATC_TRAKSTAR\Release\ATC_trakSTAR_940038_RevD\trakSTAR_Utility\DSP-Loader Files\ErrStr.err_bin
Oct  6 2009 11:42:10 File size 30480, created on 0-7-30 at 2009:11
Oct  6 2009 11:42:10 New settings applied to flash
Oct  6 2009 11:42:10 Utility has successfully connected to DriveBay Tracker
Oct  6 2009 11:42:10 Utility is in user mode
Oct  6 2009 11:42:10 Downloading flash section 01
L:\Projects\ATC_TRAKSTAR\Release\ATC_trakSTAR_940038_RevC\trakSTAR_Utility\DSP-Loader Files\poserver.po_ldr
Oct  6 2009 11:42:10 File size 1850088, created on 0-4-10 at 2009:13
Oct  6 2009 11:42:10 Downloading flash section 03
L:\Projects\ATC_TRAKSTAR\Release\ATC_trakSTAR_940038_RevC\trakSTAR_Utility\DSP-Loader Files\mdsp.mdsp_ldr
Oct  6 2009 11:42:10 File size 502008, created on 0-4-8 at 2009:14
Oct  6 2009 11:42:10 Downloading flash section 04
L:\Projects\ATC_TRAKSTAR\Release\ATC_trakSTAR_940038_RevC\trakSTAR_Utility\DSP-Loader Files\DiagStr.diag_bin
Oct  6 2009 11:42:10 File size 1780, created on 0-4-8 at 2009:14
Oct  6 2009 11:42:10 Downloading flash section 05
L:\Projects\ATC_TRAKSTAR\Release\ATC_trakSTAR_940038_RevC\trakSTAR_Utility\DSP-Loader Files\ErrStr.err_bin
Oct  6 2009 11:42:10 File size 30480, created on 0-4-8 at 2009:14
Oct  6 2009 11:42:10 Utility has successfully connected to DriveBay Tracker
Oct  6 2009 11:42:10 Utility is in user mode
Oct  6 2009 11:42:10 Downloading flash section 01
D:\Ascension2010\Filter Memory and Timing\POSERVER\Release\poserver.po_ldr
Oct  6 2009 11:42:10 File size 1911384, created on 0-5-24 at 2010:11
Oct  6 2009 11:42:10 Downloading flash section 03
D:\Ascension2010\Filter Memory and Timing\MDSP\Release\mdsp.mdsp_ldr
Oct  6 2009 11:42:10 File size 504072, created on 0-5-24 at 2010:11
Oct  6 2009 11:42:10 Utility has successfully connected to DriveBay Tracker
Oct  6 2009 11:42:10 Utility is in user mode
Oct  6 2009 11:42:10 Utility has successfully connected to DriveBay Tracker
Oct  6 2009 11:42:10 Utility is in user mode
Oct  6 2009 11:42:10 Utility has successfully connected to DriveBay Tracker
Oct  6 2009 11:42:10 Utility is in user mode
Oct  6 2009 11:42:10 Utility has successfully connected to DriveBay Tracker
Oct  6 2009 11:42:10 Utility is in user mode
Oct  6 2009 11:42:10 Utility has successfully connected to DriveBay Tracker
Oct  6 2009 11:42:10 Utility is in user mode
Oct  6 2009 11:42:10 New settings applied to flash
Oct  6 2009 11:42:10 New settings applied to flash
Oct  6 2009 11:42:10 Utility has successfully connected to DriveBay Tracker
Oct  6 2009 11:42:10 Utility is in user mode
Oct  6 2009 11:42:10 Downloading flash section 01
L:\Projects\ATC_TRAKSTAR\Release\ATC_trakSTAR_940038_RevB\trakSTAR_Utility\DSP-Loader Files\poserver.po_ldr
Oct  6 2009 11:42:10 File size 1877328, created on 0-7-1 at 2008:18
Oct  6 2009 11:42:10 Downloading flash section 03
L:\Projects\ATC_TRAKSTAR\Release\ATC_trakSTAR_940038_RevB\trakSTAR_Utility\DSP-Loader Files\mdsp.mdsp_ldr
Oct  6 2009 11:42:10 File size 432120, created on 0-7-2 at 2008:12
Oct  6 2009 11:42:10 Downloading flash section 04
L:\Projects\ATC_TRAKSTAR\Release\ATC_trakSTAR_940038_RevB\trakSTAR_Utility\DSP-Loader Files\DiagStr.diag_bin
Oct  6 2009 11:42:10 File size 1756, created on 0-6-24 at 2008:15
Oct  6 2009 11:42:10 Downloading flash section 05
L:\Projects\ATC_TRAKSTAR\Release\ATC_trakSTAR_940038_RevB\trakSTAR_Utility\DSP-Loader Files\ErrStr.err_bin
Oct  6 2009 11:42:10 File size 29968, created on 0-6-24 at 2008:15
Oct  6 2009 11:42:10 Utility has successfully connected to DriveBay Tracker
Oct  6 2009 11:42:10 Utility is in user mode
Oct  6 2009 11:42:10 Utility has successfully connected to DriveBay Tracker
Oct  6 2009 11:42:10 Utility is in user mode
Oct  6 2009 11:42:10 Utility has successfully connected to DriveBay Tracker
Oct  6 2009 11:42:10 Utility is in user mode
Oct  6 2009 11:42:10 New settings applied to flash
Oct  6 2009 11:42:10 Utility has successfully connected to DriveBay Tracker
Oct  6 2009 11:42:10 Utility is in user mode
Oct  6 2009 11:42:10 New settings applied to flash
Oct  6 2009 11:42:10 Utility has successfully connected to DriveBay Tracker
Oct  6 2009 11:42:10 Utility is in user mode
Oct  6 2009 11:42:10 Downloading flash section 01
L:\Projects\ATC_TRAKSTAR\Release\ATC_trakSTAR_940038_RevD\trakSTAR_Utility\DSP-Loader Files\poserver.po_ldr
Oct  6 2009 11:42:10 File size 1911384, created on 0-9-23 at 2009:15
Oct  6 2009 11:42:10 Downloading flash section 03
L:\Projects\ATC_TRAKSTAR\Release\ATC_trakSTAR_940038_RevD\trakSTAR_Utility\DSP-Loader Files\mdsp.mdsp_ldr
Oct  6 2009 11:42:10 File size 504072, created on 0-9-9 at 2009:16
Oct  6 2009 11:42:10 Downloading flash section 04
L:\Projects\ATC_TRAKSTAR\Release\ATC_trakSTAR_940038_RevD\trakSTAR_Utility\DSP-Loader Files\DiagStr.diag_bin
Oct  6 2009 11:42:10 File size 1780, created on 0-7-30 at 2009:11
Oct  6 2009 11:42:10 Downloading flash section 05
L:\Projects\ATC_TRAKSTAR\Release\ATC_trakSTAR_940038_RevD\trakSTAR_Utility\DSP-Loader Files\ErrStr.err_bin
Oct  6 2009 11:42:10 File size 30480, created on 0-7-30 at 2009:11
Oct  6 2009 11:42:10 New settings applied to flash
Oct  6 2009 11:42:10 Utility has successfully connected to DriveBay Tracker
Oct  6 2009 11:42:10 Utility is in user mode
Oct  6 2009 11:42:10 New settings applied to flash
Oct  6 2009 11:42:10 Utility has successfully connected to DriveBay Tracker
Oct  6 2009 11:42:10 Utility is in user mode
Oct  6 2009 11:42:10 Utility has successfully connected to DriveBay Tracker
Oct  6 2009 11:42:10 Utility is in user mode
Oct  6 2009 11:42:10 Utility has successfully connected to DriveBay Tracker
Oct  6 2009 11:42:10 Utility is in user mode
Oct  6 2009 11:42:10 Downloading flash section 03
D:\Ascension2010\Metal Investigation\MDSP Loader file FIR filtered and NOT filtered\mdsp_Filtered.mdsp_ldr
Oct  6 2009 11:42:10 File size 504072, created on 0-7-7 at 2010:15
Oct  6 2009 11:42:10 Utility has successfully connected to DriveBay Tracker
Oct  6 2009 11:42:10 Utility is in user mode
Oct  6 2009 11:42:10 Utility has successfully connected to DriveBay Tracker
Oct  6 2009 11:42:10 Utility is in user mode
Oct  6 2009 11:42:10 Downloading flash section 03
D:\Ascension2010\Metal Investigation\MDSP Loader file FIR filtered and NOT filtered\mdsp_NotFiltered.mdsp_ldr
Oct  6 2009 11:42:10 File size 503424, created on 0-7-7 at 2010:15
Oct  6 2009 11:42:10 Utility has successfully connected to DriveBay Tracker
Oct  6 2009 11:42:10 Utility is in user mode
Oct  6 2009 11:42:10 Downloading flash section 03
D:\Ascension2010\Metal Investigation\MDSP Loader file FIR filtered and NOT filtered\mdsp_Filtered.mdsp_ldr
Oct  6 2009 11:42:10 File size 504072, created on 0-7-7 at 2010:15
Oct  6 2009 11:42:10 Downloading flash section 03
D:\Ascension2010\Metal Investigation\MDSP Loader file FIR filtered and NOT filtered\mdsp_Filtered.mdsp_ldr
Oct  6 2009 11:42:10 File size 504072, created on 0-7-7 at 2010:15
Oct  6 2009 11:42:10 Utility has successfully connected to DriveBay Tracker
Oct  6 2009 11:42:10 Utility is in user mode
Oct  6 2009 11:42:10 Downloading flash section 03
D:\Ascension2010\Metal Investigation\MDSP Loader file FIR filtered and NOT filtered\mdsp_NotFiltered.mdsp_ldr
Oct  6 2009 11:42:10 File size 503424, created on 0-7-7 at 2010:15
Oct  6 2009 11:42:10 Utility has successfully connected to DriveBay Tracker
Oct  6 2009 11:42:10 Utility is in user mode
Oct  6 2009 11:42:10 Downloading flash section 03
D:\Ascension2010\Metal Investigation\MDSP Loader file FIR filtered and NOT filtered\mdsp_NotFiltered.mdsp_ldr
Oct  6 2009 11:42:10 File size 503424, created on 0-7-7 at 2010:16
Oct  6 2009 11:42:10 Utility has successfully connected to DriveBay Tracker
Oct  6 2009 11:42:10 Utility is in user mode
Oct  6 2009 11:42:10 Downloading flash section 03
D:\Ascension2010\Metal Investigation\MDSP Loader file FIR filtered and NOT filtered\mdsp_Filtered.mdsp_ldr
Oct  6 2009 11:42:10 File size 504072, created on 0-7-7 at 2010:15
Oct  6 2009 11:42:10 Utility has successfully connected to DriveBay Tracker
Oct  6 2009 11:42:10 Utility is in user mode
Oct  6 2009 11:42:10 Downloading flash section 03
D:\Ascension2010\Filter Memory and Timing\MDSP1\Release\mdsp_NotFiltered.mdsp_ldr
Oct  6 2009 11:42:10 File size 503424, created on 0-7-8 at 2010:10
Oct  6 2009 11:42:10 Utility has successfully connected to DriveBay Tracker
Oct  6 2009 11:42:10 Utility is in user mode
Oct  6 2009 11:42:10 Downloading flash section 03
D:\Ascension2010\Filter Memory and Timing\MDSP1\Release\mdsp_NotFiltered.mdsp_ldr
Oct  6 2009 11:42:10 File size 503424, created on 0-7-9 at 2010:10
Oct  6 2009 11:42:10 Utility has successfully connected to DriveBay Tracker
Oct  6 2009 11:42:10 Utility is in user mode
Oct  6 2009 11:42:10 Downloading flash section 03
D:\Ascension2010\Filter Memory and Timing\MDSP1\Release\mdsp_Filtered.mdsp_ldr
Oct  6 2009 11:42:10 File size 504072, created on 0-7-9 at 2010:10
Oct  6 2009 11:42:10 Utility has successfully connected to DriveBay Tracker
Oct  6 2009 11:42:10 Utility is in user mode
Oct  6 2009 11:42:10 Downloading flash section 03
D:\Ascension2010\Filter Memory and Timing\MDSP1\Release\mdsp_NotFiltered.mdsp_ldr
Oct  6 2009 11:42:10 File size 503424, created on 0-7-9 at 2010:10
Oct  6 2009 11:42:10 Utility has successfully connected to DriveBay Tracker
Oct  6 2009 11:42:10 Utility is in user mode
Oct  6 2009 11:42:10 Utility has successfully connected to DriveBay Tracker
Oct  6 2009 11:42:10 Utility is in user mode
Oct  6 2009 11:42:10 New settings applied to flash
Oct  6 2009 11:42:10 Utility has successfully connected to DriveBay Tracker
Oct  6 2009 11:42:10 Utility is in user mode
Oct  6 2009 11:42:10 Downloading flash section 01
L:\Projects\ATC_TRAKSTAR\Release\ATC_trakSTAR_940038_RevD\trakSTAR_Utility\DSP-Loader Files\poserver.po_ldr
Oct  6 2009 11:42:10 File size 1911384, created on 0-9-23 at 2009:15
Oct  6 2009 11:42:10 Downloading flash section 03
L:\Projects\ATC_TRAKSTAR\Release\ATC_trakSTAR_940038_RevD\trakSTAR_Utility\DSP-Loader Files\mdsp.mdsp_ldr
Oct  6 2009 11:42:10 File size 504072, created on 0-9-9 at 2009:16
Oct  6 2009 11:42:10 Downloading flash section 04
L:\Projects\ATC_TRAKSTAR\Release\ATC_trakSTAR_940038_RevD\trakSTAR_Utility\DSP-Loader Files\DiagStr.diag_bin
Oct  6 2009 11:42:10 File size 1780, created on 0-7-30 at 2009:11
Oct  6 2009 11:42:10 Downloading flash section 05
L:\Projects\ATC_TRAKSTAR\Release\ATC_trakSTAR_940038_RevD\trakSTAR_Utility\DSP-Loader Files\ErrStr.err_bin
Oct  6 2009 11:42:10 File size 30480, created on 0-7-30 at 2009:11
Oct  6 2009 11:42:10 Utility has successfully connected to DriveBay Tracker
Oct  6 2009 11:42:10 Utility is in user mode
Oct  6 2009 11:42:10 Downloading flash section 01
L:\Projects\ATC_TRAKSTAR\Release\ATC_trakSTAR_940038_RevC\trakSTAR_Utility\DSP-Loader Files\poserver.po_ldr
Oct  6 2009 11:42:10 File size 1850088, created on 0-4-10 at 2009:13
Oct  6 2009 11:42:10 Downloading flash section 03
L:\Projects\ATC_TRAKSTAR\Release\ATC_trakSTAR_940038_RevC\trakSTAR_Utility\DSP-Loader Files\mdsp.mdsp_ldr
Oct  6 2009 11:42:10 File size 502008, created on 0-4-8 at 2009:14
Oct  6 2009 11:42:10 Downloading flash section 04
L:\Projects\ATC_TRAKSTAR\Release\ATC_trakSTAR_940038_RevC\trakSTAR_Utility\DSP-Loader Files\DiagStr.diag_bin
Oct  6 2009 11:42:10 File size 1780, created on 0-4-8 at 2009:14
Oct  6 2009 11:42:10 Downloading flash section 05
L:\Projects\ATC_TRAKSTAR\Release\ATC_trakSTAR_940038_RevC\trakSTAR_Utility\DSP-Loader Files\ErrStr.err_bin
Oct  6 2009 11:42:10 File size 30480, created on 0-4-8 at 2009:14
