Oct  6 2009 11:41:14 Utility has successfully connected to DriveBay Tracker
Oct  6 2009 11:41:14 Utility is in user mode
Oct  6 2009 11:41:14 New settings applied to flash
Oct  6 2009 11:41:14 Downloading flash section 01
L:\Projects\ATC_TRAKSTAR\Release\ATC_trakSTAR_940038_RevD\driveBAY_Utility\DSP-Loader Files\poserver.po_ldr
Oct  6 2009 11:41:14 File size 1911384, created on 0-9-23 at 2009:14
Oct  6 2009 11:41:14 Downloading flash section 03
L:\Projects\ATC_TRAKSTAR\Release\ATC_trakSTAR_940038_RevD\driveBAY_Utility\DSP-Loader Files\mdsp.mdsp_ldr
Oct  6 2009 11:41:14 File size 504072, created on 0-9-9 at 2009:15
Oct  6 2009 11:41:14 Downloading flash section 04
L:\Projects\ATC_TRAKSTAR\Release\ATC_trakSTAR_940038_RevD\driveBAY_Utility\DSP-Loader Files\DiagStr.diag_bin
Oct  6 2009 11:41:14 File size 1780, created on 0-7-30 at 2009:10
Oct  6 2009 11:41:14 Downloading flash section 05
L:\Projects\ATC_TRAKSTAR\Release\ATC_trakSTAR_940038_RevD\driveBAY_Utility\DSP-Loader Files\ErrStr.err_bin
Oct  6 2009 11:41:14 File size 30480, created on 0-7-30 at 2009:10
Oct  6 2009 11:41:14 New settings applied to flash
Oct  6 2009 11:41:14 Utility has successfully connected to DriveBay Tracker
Oct  6 2009 11:41:14 Utility is in user mode
Oct  6 2009 11:41:14 Utility has successfully connected to DriveBay Tracker
Oct  6 2009 11:41:14 Utility is in user mode
Oct  6 2009 11:41:14 Utility has successfully connected to DriveBay Tracker
Oct  6 2009 11:41:14 Utility is in user mode
Oct  6 2009 11:41:14 Utility has successfully connected to DriveBay Tracker
Oct  6 2009 11:41:14 Utility is in user mode
Oct  6 2009 11:41:14 Downloading flash section 03
L:\Projects\3D_Guidance\driveBAY2\Software\Working\Aaron\MDSP\Release\mdsp.mdsp_ldr
Oct  6 2009 11:41:14 File size 438360, created on 0-2-4 at 2010:13
Oct  6 2009 11:41:14 Utility has successfully connected to DriveBay Tracker
Oct  6 2009 11:41:14 Utility is in user mode
Oct  6 2009 11:41:14 Downloading flash section 01
L:\Projects\3D_Guidance\driveBAY2\Software\Working\Aaron\POSERVERDIPOLE\Debug\poserver.po_ldr
Oct  6 2009 11:41:14 File size 1678824, created on 0-1-19 at 2010:10
Oct  6 2009 11:41:14 Downloading flash section 03
L:\Projects\3D_Guidance\driveBAY2\Software\Working\Aaron\MDSP\Release\mdsp.mdsp_ldr
Oct  6 2009 11:41:14 File size 438360, created on 0-2-4 at 2010:13
Oct  6 2009 11:41:14 Downloading flash section 03
L:\Projects\3D_Guidance\driveBAY2\Software\Working\Aaron\MDSP\Release\mdsp.mdsp_ldr
Oct  6 2009 11:41:14 File size 438360, created on 0-2-4 at 2010:13
Oct  6 2009 11:41:14 Utility has successfully connected to DriveBay Tracker
Oct  6 2009 11:41:14 Utility is in user mode
Oct  6 2009 11:41:14 Downloading flash section 01
L:\Projects\3D_Guidance\driveBAY2\Software\Working\Alec\POServer-Dipole\Debug\poserver.po_ldr
Oct  6 2009 11:41:14 File size 1680408, created on 0-2-25 at 2010:11
Oct  6 2009 11:41:14 Downloading flash section 01
L:\Projects\3D_Guidance\driveBAY2\Software\Working\Alec\POServer-Dipole\Debug\poserver.po_ldr
Oct  6 2009 11:41:14 File size 1680408, created on 0-2-25 at 2010:11
Oct  6 2009 11:41:14 Downloading flash section 03
L:\Projects\3D_Guidance\driveBAY2\Software\Working\Alec\mdsp\Release\mdsp.mdsp_ldr
Oct  6 2009 11:41:14 File size 440376, created on 0-2-25 at 2010:8
Oct  6 2009 11:41:14 Downloading flash section 03
L:\Projects\3D_Guidance\driveBAY2\Software\Working\Alec\mdsp\Release\mdsp.mdsp_ldr
Oct  6 2009 11:41:14 File size 440376, created on 0-2-25 at 2010:8
Oct  6 2009 11:41:14 Utility has successfully connected to DriveBay Tracker
Oct  6 2009 11:41:14 Utility is in user mode
Oct  6 2009 11:41:14 Downloading flash section 01
L:\Projects\GE_drive_bay\Working\Deliverables MUBS.48 10-8-08\DSP-Loader Files\poserver.po_ldr
Oct  6 2009 11:41:14 File size 1834440, created on 0-10-15 at 2008:13
Oct  6 2009 11:41:14 Downloading flash section 03
L:\Projects\GE_drive_bay\Working\Deliverables MUBS.48 10-8-08\DSP-Loader Files\mdsp.mdsp_ldr
Oct  6 2009 11:41:14 File size 501936, created on 0-10-15 at 2008:13
Oct  6 2009 11:41:14 Downloading flash section 03
L:\Projects\GE_drive_bay\Working\Deliverables MUBS.48 10-8-08\DSP-Loader Files\mdsp.mdsp_ldr
Oct  6 2009 11:41:14 File size 501936, created on 0-10-15 at 2008:13
Oct  6 2009 11:41:14 Utility has successfully connected to DriveBay Tracker
Oct  6 2009 11:41:14 Utility is in user mode
Oct  6 2009 11:41:14 Downloading flash section 05
L:\Projects\GE_drive_bay\Working\Deliverables MUBS.48 10-8-08\DSP-Loader Files\ErrStr.err_bin
Oct  6 2009 11:41:14 File size 30480, created on 0-10-6 at 2008:10
Oct  6 2009 11:41:14 Downloading flash section 04
L:\Projects\GE_drive_bay\Working\Deliverables MUBS.48 10-8-08\DSP-Loader Files\DiagStr.diag_bin
Oct  6 2009 11:41:14 File size 1780, created on 0-10-6 at 2008:10
Oct  6 2009 11:41:14 Utility has successfully connected to DriveBay Tracker
Oct  6 2009 11:41:14 Utility is in user mode
Oct  6 2009 11:41:14 Utility has successfully connected to DriveBay Tracker
Oct  6 2009 11:41:14 Utility is in user mode
Oct  6 2009 11:41:14 Downloading flash section 01
L:\Projects\3D_Guidance\driveBAY2\Software\Working\Aaron\POSERVERDIPOLE\Release\poserver.po_ldr
Oct  6 2009 11:41:14 File size 1856184, created on 0-2-4 at 2010:13
Oct  6 2009 11:41:14 Downloading flash section 03
L:\Projects\3D_Guidance\driveBAY2\Software\Working\Aaron\MDSP\Release\mdsp.mdsp_ldr
Oct  6 2009 11:41:14 File size 438360, created on 0-2-4 at 2010:13
Oct  6 2009 11:41:14 Downloading flash section 03
L:\Projects\3D_Guidance\driveBAY2\Software\Working\Aaron\MDSP\Release\mdsp.mdsp_ldr
Oct  6 2009 11:41:14 File size 438360, created on 0-2-4 at 2010:13
Oct  6 2009 11:41:14 Utility has successfully connected to DriveBay Tracker
Oct  6 2009 11:41:14 Utility is in user mode
Oct  6 2009 11:41:14 Downloading flash section 01
L:\Projects\3D_Guidance\driveBAY2\Software\Working\Aaron\POSERVERDIPOLE\Release\poserver.po_ldr
Oct  6 2009 11:41:14 File size 1856184, created on 0-2-4 at 2010:13
Oct  6 2009 11:41:14 Downloading flash section 03
L:\Projects\3D_Guidance\driveBAY2\Software\Working\Aaron\MDSP\Release\mdsp.mdsp_ldr
Oct  6 2009 11:41:14 File size 438360, created on 0-2-4 at 2010:13
Oct  6 2009 11:41:14 Utility has successfully connected to DriveBay Tracker
Oct  6 2009 11:41:14 Utility is in user mode
Oct  6 2009 11:41:14 Downloading flash section 01
L:\Projects\3D_Guidance\driveBAY2\Software\Working\Alec\POServer-Dipole\Release\poserver.po_ldr
Oct  6 2009 11:41:14 File size 1856184, created on 0-2-23 at 2010:14
Oct  6 2009 11:41:14 Downloading flash section 01
L:\Projects\3D_Guidance\driveBAY2\Software\Working\Alec\POServer-Dipole\Release\poserver.po_ldr
Oct  6 2009 11:41:14 File size 1856184, created on 0-2-23 at 2010:14
Oct  6 2009 11:41:14 Downloading flash section 03
L:\Projects\3D_Guidance\driveBAY2\Software\Working\Alec\mdsp\Release\mdsp.mdsp_ldr
Oct  6 2009 11:41:14 File size 440376, created on 0-2-25 at 2010:8
Oct  6 2009 11:41:14 Utility has successfully connected to DriveBay Tracker
Oct  6 2009 11:41:14 Utility is in user mode
Oct  6 2009 11:41:14 Downloading flash section 03
L:\Projects\3D_Guidance\driveBAY2\Software\Working\Aaron\MDSP\Release\mdsp.mdsp_ldr
Oct  6 2009 11:41:14 File size 438360, created on 0-2-4 at 2010:13
Oct  6 2009 11:41:14 Downloading flash section 03
L:\Projects\3D_Guidance\driveBAY2\Software\Working\Aaron\MDSP\Release\mdsp.mdsp_ldr
Oct  6 2009 11:41:14 File size 438360, created on 0-2-4 at 2010:13
Oct  6 2009 11:41:14 Utility has successfully connected to DriveBay Tracker
Oct  6 2009 11:41:14 Utility is in user mode
Oct  6 2009 11:41:14 Downloading flash section 03
L:\Projects\3D_Guidance\driveBAY2\Software\Working\Alec\mdsp\Release\mdsp.mdsp_ldr
Oct  6 2009 11:41:14 File size 440376, created on 0-2-25 at 2010:8
Oct  6 2009 11:41:14 Utility has successfully connected to DriveBay Tracker
Oct  6 2009 11:41:14 Utility is in user mode
Oct  6 2009 11:41:14 Downloading flash section 03
L:\Projects\3D_Guidance\driveBAY2\Software\Working\Aaron\MDSP\Release\mdsp.mdsp_ldr
Oct  6 2009 11:41:14 File size 438360, created on 0-2-4 at 2010:13
Oct  6 2009 11:41:14 Downloading flash section 03
L:\Projects\3D_Guidance\driveBAY2\Software\Working\Aaron\MDSP\Release\mdsp.mdsp_ldr
Oct  6 2009 11:41:14 File size 438360, created on 0-2-4 at 2010:13
Oct  6 2009 11:41:14 Utility has successfully connected to DriveBay Tracker
Oct  6 2009 11:41:14 Utility is in user mode
Oct  6 2009 11:41:14 Downloading flash section 03
L:\Projects\3D_Guidance\driveBAY2\Software\Working\Alec\mdsp\Release\mdsp.mdsp_ldr
Oct  6 2009 11:41:14 File size 440016, created on 0-2-25 at 2010:14
Oct  6 2009 11:41:14 Downloading flash section 03
L:\Projects\3D_Guidance\driveBAY2\Software\Working\Alec\mdsp\Release\mdsp.mdsp_ldr
Oct  6 2009 11:41:14 File size 440016, created on 0-2-25 at 2010:14
Oct  6 2009 11:41:14 Utility has successfully connected to DriveBay Tracker
Oct  6 2009 11:41:14 Utility is in user mode
Oct  6 2009 11:41:14 Downloading flash section 03
L:\Projects\3D_Guidance\driveBAY2\Software\Working\Alec\mdsp\Release\mdsp.mdsp_ldr
Oct  6 2009 11:41:14 File size 439656, created on 0-2-25 at 2010:14
Oct  6 2009 11:41:14 Utility has successfully connected to DriveBay Tracker
Oct  6 2009 11:41:14 Utility is in user mode
Oct  6 2009 11:41:14 Downloading flash section 03
L:\Projects\3D_Guidance\driveBAY2\Software\Working\Alec\mdsp\Release\mdsp.mdsp_ldr
Oct  6 2009 11:41:14 File size 440016, created on 0-2-25 at 2010:14
Oct  6 2009 11:41:14 Downloading flash section 03
L:\Projects\3D_Guidance\driveBAY2\Software\Working\Alec\mdsp\Release\mdsp.mdsp_ldr
Oct  6 2009 11:41:14 File size 440016, created on 0-2-25 at 2010:14
Oct  6 2009 11:41:14 Utility has successfully connected to DriveBay Tracker
Oct  6 2009 11:41:14 Utility is in user mode
Oct  6 2009 11:41:14 Downloading flash section 03
L:\Projects\3D_Guidance\driveBAY2\Software\Working\Alec\mdsp\Release\mdsp.mdsp_ldr
Oct  6 2009 11:41:14 File size 439656, created on 0-2-25 at 2010:15
Oct  6 2009 11:41:14 Downloading flash section 03
L:\Projects\3D_Guidance\driveBAY2\Software\Working\Alec\mdsp\Release\mdsp.mdsp_ldr
Oct  6 2009 11:41:14 File size 439656, created on 0-2-25 at 2010:15
Oct  6 2009 11:41:14 Utility has successfully connected to DriveBay Tracker
Oct  6 2009 11:41:14 Utility is in user mode
Oct  6 2009 11:41:14 Utility has successfully connected to DriveBay Tracker
Oct  6 2009 11:41:14 Utility is in user mode
Oct  6 2009 11:41:14 Utility has successfully connected to DriveBay Tracker
Oct  6 2009 11:41:14 Utility is in user mode
Oct  6 2009 11:41:14 Utility has successfully connected to DriveBay Tracker
Oct  6 2009 11:41:14 Utility is in user mode
Oct  6 2009 11:41:14 Utility has successfully connected to DriveBay Tracker
Oct  6 2009 11:41:14 Utility is in user mode
Oct  6 2009 11:41:14 Utility has successfully connected to DriveBay Tracker
Oct  6 2009 11:41:14 Utility is in user mode
Oct  6 2009 11:41:14 Downloading flash section 03
L:\Projects\3D_Guidance\driveBAY2\Software\Working\Scott\Programs\Data Acquisition - Mapped System\MDSP\Release\mdsp.mdsp_ldr
Oct  6 2009 11:41:14 File size 438720, created on 0-3-12 at 2010:8
Oct  6 2009 11:41:14 Utility has successfully connected to DriveBay Tracker
Oct  6 2009 11:41:14 Utility is in user mode
Oct  6 2009 11:41:14 Utility has successfully connected to DriveBay Tracker
Oct  6 2009 11:41:14 Utility is in user mode
Oct  6 2009 11:41:14 Downloading flash section 03
L:\Projects\3D_Guidance\driveBAY2\Software\Working\Scott\Programs\Data Acquisition - Mapped System\MDSP\Release\mdsp.mdsp_ldr
Oct  6 2009 11:41:14 File size 438720, created on 0-3-12 at 2010:8
Oct  6 2009 11:41:14 Downloading flash section 03
L:\Projects\3D_Guidance\driveBAY2\Software\Working\Scott\Programs\Data Acquisition - Mapped System\MDSP\Release\mdsp.mdsp_ldr
Oct  6 2009 11:41:14 File size 438720, created on 0-3-12 at 2010:8
Oct  6 2009 11:41:14 Utility has successfully connected to DriveBay Tracker
Oct  6 2009 11:41:14 Utility is in user mode
Oct  6 2009 11:41:14 Downloading flash section 03
L:\Projects\3D_Guidance\driveBAY2\Software\Working\Scott\Programs\Data Acquisition - Mapped System\MDSP\Release\mdsp.mdsp_ldr
Oct  6 2009 11:41:14 File size 438360, created on 0-3-12 at 2010:9
Oct  6 2009 11:41:14 Downloading flash section 03
L:\Projects\3D_Guidance\driveBAY2\Software\Working\Scott\Programs\Data Acquisition - Mapped System\MDSP\Release\mdsp.mdsp_ldr
Oct  6 2009 11:41:14 File size 438360, created on 0-3-12 at 2010:9
Oct  6 2009 11:41:14 Utility has successfully connected to DriveBay Tracker
Oct  6 2009 11:41:14 Utility is in user mode
Oct  6 2009 11:41:14 Downloading flash section 03
L:\Projects\3D_Guidance\driveBAY2\Software\Working\Scott\Programs\Data Acquisition - Mapped System\MDSP\Release\mdsp.mdsp_ldr
Oct  6 2009 11:41:14 File size 438360, created on 0-3-12 at 2010:9
Oct  6 2009 11:41:14 Utility has successfully connected to DriveBay Tracker
Oct  6 2009 11:41:14 Utility is in user mode
Oct  6 2009 11:41:14 Downloading flash section 03
L:\Projects\3D_Guidance\driveBAY2\Software\Working\Scott\Programs\Data Acquisition - Mapped System\MDSP\Release\mdsp.mdsp_ldr
Oct  6 2009 11:41:14 File size 438360, created on 0-3-12 at 2010:9
Oct  6 2009 11:41:14 Utility has successfully connected to DriveBay Tracker
Oct  6 2009 11:41:14 Utility is in user mode
Oct  6 2009 11:41:14 Downloading flash section 03
L:\Projects\3D_Guidance\driveBAY2\Software\Working\Scott\Programs\Data Acquisition - Mapped System\MDSP\Release\mdsp.mdsp_ldr
Oct  6 2009 11:41:14 File size 438360, created on 0-3-12 at 2010:9
Oct  6 2009 11:41:14 Unable to read internal flash FCB table
Oct  6 2009 11:41:14 Unable to read internal flash FCB table
Oct  6 2009 11:41:14 Unable to read internal flash FCB table
Oct  6 2009 11:41:14 Unable to read internal flash FCB table
Oct  6 2009 11:41:14 Unable to read internal flash FCB table
Oct  6 2009 11:41:14 Unable to read internal flash FCB table
Oct  6 2009 11:41:14 Unable to read internal flash FCB table
Oct  6 2009 11:41:14 Utility has successfully connected to DriveBay Tracker
Oct  6 2009 11:41:14 Utility is in user mode
Oct  6 2009 11:41:14 Downloading flash section 04
L:\Projects\ATC_TRAKSTAR\Release\ATC_trakSTAR_940038_RevD\driveBAY_Utility\DSP-Loader Files\DiagStr.diag_bin
Oct  6 2009 11:41:14 File size 1780, created on 0-7-30 at 2009:11
Oct  6 2009 11:41:14 Downloading flash section 05
L:\Projects\ATC_TRAKSTAR\Release\ATC_trakSTAR_940038_RevD\driveBAY_Utility\DSP-Loader Files\ErrStr.err_bin
Oct  6 2009 11:41:14 File size 30480, created on 0-7-30 at 2009:11
Oct  6 2009 11:41:14 Downloading flash section 01
L:\Projects\ATC_TRAKSTAR\Release\ATC_trakSTAR_940038_RevD\driveBAY_Utility\DSP-Loader Files\poserver.po_ldr
Oct  6 2009 11:41:14 File size 1911384, created on 0-9-23 at 2009:15
Oct  6 2009 11:41:14 Downloading flash section 01
L:\Projects\3D_Guidance\driveBAY2\Software\Work_Package\Project Setup\VisualDSP++ 5.0 Upgrade\PO Server Dipole 5.0 baseline.po_ldr
Oct  6 2009 11:41:14 File size 1856184, created on 0-2-4 at 2010:14
Oct  6 2009 11:41:14 Downloading flash section 01
L:\Projects\3D_Guidance\driveBAY2\Software\Work_Package\Project Setup\VisualDSP++ 5.0 Upgrade\PO Server Dipole 5.0 baseline.po_ldr
Oct  6 2009 11:41:14 File size 1856184, created on 0-2-4 at 2010:14
Oct  6 2009 11:41:14 Downloading flash section 03
L:\Projects\3D_Guidance\driveBAY2\Software\Work_Package\Project Setup\VisualDSP++ 5.0 Upgrade\MDSP  5.0 baseline.mdsp_ldr
Oct  6 2009 11:41:14 File size 438360, created on 0-2-4 at 2010:14
Oct  6 2009 11:41:14 Utility has successfully connected to DriveBay Tracker
Oct  6 2009 11:41:14 Utility is in user mode
Oct  6 2009 11:41:14 Utility has successfully connected to DriveBay Tracker
Oct  6 2009 11:41:14 Utility is in user mode
Oct  6 2009 11:41:14 Utility has successfully connected to DriveBay Tracker
Oct  6 2009 11:41:14 Utility is in user mode
Oct  6 2009 11:41:14 Utility has successfully connected to DriveBay Tracker
Oct  6 2009 11:41:14 Utility is in user mode
Oct  6 2009 11:41:14 Utility has successfully connected to DriveBay Tracker
Oct  6 2009 11:41:14 Utility is in user mode
Oct  6 2009 11:41:14 Utility has successfully connected to DriveBay Tracker
Oct  6 2009 11:41:14 Utility is in user mode
Oct  6 2009 11:41:14 Unable to read internal flash FCB table
Oct  6 2009 11:41:14 Utility has successfully connected to DriveBay Tracker
Oct  6 2009 11:41:14 Utility is in user mode
Oct  6 2009 11:41:14 Utility has successfully connected to DriveBay Tracker
Oct  6 2009 11:41:14 Utility is in user mode
Oct  6 2009 11:41:14 Utility has successfully connected to DriveBay Tracker
Oct  6 2009 11:41:14 Utility is in user mode
Oct  6 2009 11:41:14 Utility has successfully connected to DriveBay Tracker
Oct  6 2009 11:41:14 Utility is in user mode
Oct  6 2009 11:41:14 Unable to read internal flash FCB table
Oct  6 2009 11:41:14 Utility has successfully connected to DriveBay Tracker
Oct  6 2009 11:41:14 Utility is in user mode
Oct  6 2009 11:41:14 Utility has successfully connected to DriveBay Tracker
Oct  6 2009 11:41:14 Utility is in user mode
Oct  6 2009 11:41:14 Utility has successfully connected to DriveBay Tracker
Oct  6 2009 11:41:14 Utility is in user mode
Oct  6 2009 11:41:14 Utility has successfully connected to DriveBay Tracker
Oct  6 2009 11:41:14 Utility is in user mode
Oct  6 2009 11:41:14 Utility has successfully connected to DriveBay Tracker
Oct  6 2009 11:41:14 Utility is in user mode
Oct  6 2009 11:41:14 Utility has successfully connected to DriveBay Tracker
Oct  6 2009 11:41:14 Utility is in user mode
Oct  6 2009 11:41:14 Utility has successfully connected to DriveBay Tracker
Oct  6 2009 11:41:14 Utility is in user mode
Oct  6 2009 11:41:14 Electronics unit is not connected
Oct  6 2009 11:41:14 Utility has successfully connected to DriveBay Tracker
Oct  6 2009 11:41:14 Utility is in user mode
Oct  6 2009 11:41:14 Utility has successfully connected to DriveBay Tracker
Oct  6 2009 11:41:14 Utility is in user mode
Oct  6 2009 11:41:14 Utility has successfully connected to DriveBay Tracker
Oct  6 2009 11:41:14 Utility is in user mode
Oct  6 2009 11:41:14 Utility has successfully connected to DriveBay Tracker
Oct  6 2009 11:41:14 Utility is in user mode
Oct  6 2009 11:41:14 Utility has successfully connected to DriveBay Tracker
Oct  6 2009 11:41:14 Utility is in user mode
Oct  6 2009 11:41:14 Utility has successfully connected to DriveBay Tracker
Oct  6 2009 11:41:14 Utility is in user mode
Oct  6 2009 11:41:14 Utility has successfully connected to DriveBay Tracker
Oct  6 2009 11:41:14 Utility is in user mode
Oct  6 2009 11:41:14 Utility has successfully connected to DriveBay Tracker
Oct  6 2009 11:41:14 Utility is in user mode
Oct  6 2009 11:41:14 Utility has successfully connected to DriveBay Tracker
Oct  6 2009 11:41:14 Utility is in user mode
Oct  6 2009 11:41:14 Utility has successfully connected to DriveBay Tracker
Oct  6 2009 11:41:14 Utility is in user mode
Oct  6 2009 11:41:14 Utility has successfully connected to DriveBay Tracker
Oct  6 2009 11:41:14 Utility is in user mode
Oct  6 2009 11:41:14 Utility has successfully connected to DriveBay Tracker
Oct  6 2009 11:41:14 Utility is in user mode
Oct  6 2009 11:41:14 Electronics unit is not connected
Oct  6 2009 11:41:14 Electronics unit is not connected
Oct  6 2009 11:41:14 Electronics unit is not connected
Oct  6 2009 11:41:14 Utility has successfully connected to DriveBay Tracker
Oct  6 2009 11:41:14 Utility is in user mode
Oct  6 2009 11:41:14 Downloading flash section 01
L:\Projects\3D_Guidance\driveBAY2\Software\Support_Software\dB P&O Server - report 1R\poserver.po_ldr
Oct  6 2009 11:41:14 File size 1856184, created on 0-3-24 at 2010:15
Oct  6 2009 11:41:14 Downloading flash section 01
L:\Projects\3D_Guidance\driveBAY2\Software\Support_Software\dB P&O Server - report 1R\poserver.po_ldr
Oct  6 2009 11:41:14 File size 1856184, created on 0-3-24 at 2010:15
Oct  6 2009 11:41:14 Downloading flash section 03
L:\Projects\3D_Guidance\driveBAY2\Software\Working\Aaron\MDSP MEZZ FET TEST\Release\mdsp.mdsp_ldr
Oct  6 2009 11:41:14 File size 438432, created on 0-3-31 at 2010:10
Oct  6 2009 11:41:14 Downloading flash section 03
L:\Projects\3D_Guidance\driveBAY2\Software\Working\Aaron\MDSP MEZZ FET TEST\Release\mdsp.mdsp_ldr
Oct  6 2009 11:41:14 File size 438432, created on 0-3-31 at 2010:10
Oct  6 2009 11:41:14 Downloading flash section 04
L:\Projects\ATC_TRAKSTAR\Release\ATC_trakSTAR_940038_RevD\driveBAY_Utility\DSP-Loader Files\DiagStr.diag_bin
Oct  6 2009 11:41:14 File size 1780, created on 0-7-30 at 2009:11
Oct  6 2009 11:41:14 Downloading flash section 05
L:\Projects\ATC_TRAKSTAR\Release\ATC_trakSTAR_940038_RevD\driveBAY_Utility\DSP-Loader Files\ErrStr.err_bin
Oct  6 2009 11:41:14 File size 30480, created on 0-7-30 at 2009:11
Oct  6 2009 11:41:14 New settings applied to flash
Oct  6 2009 11:41:14 Utility has successfully connected to DriveBay Tracker
Oct  6 2009 11:41:14 Utility is in user mode
Oct  6 2009 11:41:14 Utility has successfully connected to DriveBay Tracker
Oct  6 2009 11:41:14 Utility is in user mode
Oct  6 2009 11:41:14 Utility has successfully connected to DriveBay Tracker
Oct  6 2009 11:41:14 Utility is in user mode
Oct  6 2009 11:41:14 Utility has successfully connected to DriveBay Tracker
Oct  6 2009 11:41:14 Utility is in user mode
Oct  6 2009 11:41:14 Utility has successfully connected to DriveBay Tracker
Oct  6 2009 11:41:14 Utility is in user mode
Oct  6 2009 11:41:14 Downloading flash section 01
L:\Projects\3D_Guidance\driveBAY2\Software\Working\Scott\Programs\Data Acquisition - Mapped System\POServer-Mapped\Release\PO Server - Non Dipole.nd_ldr
Oct  6 2009 11:41:14 File size 1266144, created on 0-4-2 at 2010:14
Oct  6 2009 11:41:14 Downloading flash section 03
L:\Projects\3D_Guidance\driveBAY2\Software\Working\Scott\Programs\Data Acquisition - Mapped System\MDSP\Release\mdsp.mdsp_ldr
Oct  6 2009 11:41:14 File size 439440, created on 0-4-2 at 2010:14
Oct  6 2009 11:41:14 Utility has successfully connected to DriveBay Tracker
Oct  6 2009 11:41:14 Utility is in user mode
Oct  6 2009 11:41:14 Downloading flash section 03
L:\Projects\3D_Guidance\driveBAY2\Software\Working\Scott\Programs\Data Acquisition - Mapped System\MDSP\Release\mdsp.mdsp_ldr
Oct  6 2009 11:41:14 File size 439296, created on 0-4-2 at 2010:15
Oct  6 2009 11:41:14 Utility has successfully connected to DriveBay Tracker
Oct  6 2009 11:41:14 Utility is in user mode
Oct  6 2009 11:41:14 Downloading flash section 03
L:\Projects\3D_Guidance\driveBAY2\Software\Working\Scott\Programs\Data Acquisition - Mapped System\MDSP\Release\mdsp.mdsp_ldr
Oct  6 2009 11:41:14 File size 439152, created on 0-4-2 at 2010:15
Oct  6 2009 11:41:14 Electronics unit is not connected
Oct  6 2009 11:41:14 Electronics unit is not connected
Oct  6 2009 11:41:14 Unable to read internal flash FCB table
Oct  6 2009 11:41:14 Utility has successfully connected to DriveBay Tracker
Oct  6 2009 11:41:14 Utility is in user mode
Oct  6 2009 11:41:14 Downloading flash section 01
L:\Projects\3D_Guidance\driveBAY2\Software\Working\Aaron\POSERVERDIPOLE\Release\poserver_NO_FATAL.po_ldr
Oct  6 2009 11:41:14 File size 1849776, created on 0-4-5 at 2010:11
Oct  6 2009 11:41:14 Utility has successfully connected to DriveBay Tracker
Oct  6 2009 11:41:14 Utility is in user mode
Oct  6 2009 11:41:14 Utility has successfully connected to DriveBay Tracker
Oct  6 2009 11:41:14 Utility is in user mode
Oct  6 2009 11:41:14 Downloading flash section 01
L:\Projects\3D_Guidance\driveBAY2\Software\Working\Scott\Programs\Data Acquisition - Mapped System\POServer-Mapped\Release\PO Server - Non Dipole.nd_ldr
Oct  6 2009 11:41:14 File size 1266144, created on 0-4-2 at 2010:14
Oct  6 2009 11:41:14 Downloading flash section 03
L:\Projects\3D_Guidance\driveBAY2\Software\Working\Scott\Programs\Data Acquisition - Mapped System\MDSP\Release\mdsp.mdsp_ldr
Oct  6 2009 11:41:14 File size 439512, created on 0-4-5 at 2010:11
Oct  6 2009 11:41:14 New settings applied to flash
Oct  6 2009 11:41:14 Utility has successfully connected to DriveBay Tracker
Oct  6 2009 11:41:14 Utility is in user mode
Oct  6 2009 11:41:14 Downloading flash section 03
L:\Projects\3D_Guidance\driveBAY2\Software\Working\Scott\Programs\Data Acquisition - Mapped System\MDSP\Release\mdsp.mdsp_ldr
Oct  6 2009 11:41:14 File size 439584, created on 0-4-5 at 2010:13
Oct  6 2009 11:41:14 Utility has successfully connected to DriveBay Tracker
Oct  6 2009 11:41:14 Utility is in user mode
Oct  6 2009 11:41:14 Downloading flash section 03
L:\Projects\3D_Guidance\driveBAY2\Software\Working\Scott\Programs\Data Acquisition - Mapped System\MDSP\Release\mdsp.mdsp_ldr
Oct  6 2009 11:41:14 File size 439656, created on 0-4-5 at 2010:13
Oct  6 2009 11:41:14 Utility has successfully connected to DriveBay Tracker
Oct  6 2009 11:41:14 Utility is in user mode
Oct  6 2009 11:41:14 Downloading flash section 01
L:\Projects\3D_Guidance\driveBAY2\Software\Working\Scott\Programs\Data Acquisition - Mapped System\POServer-Mapped\Release\PO Server - Non Dipole.nd_ldr
Oct  6 2009 11:41:14 File size 1266144, created on 0-4-5 at 2010:14
Oct  6 2009 11:41:14 Utility has successfully connected to DriveBay Tracker
Oct  6 2009 11:41:14 Utility is in user mode
Oct  6 2009 11:41:14 Downloading flash section 03
L:\Projects\3D_Guidance\driveBAY2\Software\Working\Scott\Programs\Data Acquisition - Mapped System\MDSP\Release\mdsp.mdsp_ldr
Oct  6 2009 11:41:14 File size 440016, created on 0-4-5 at 2010:14
Oct  6 2009 11:41:14 Utility has successfully connected to DriveBay Tracker
Oct  6 2009 11:41:14 Utility is in user mode
Oct  6 2009 11:41:14 Utility has successfully connected to DriveBay Tracker
Oct  6 2009 11:41:14 Utility is in user mode
Oct  6 2009 11:41:14 Downloading flash section 03
L:\Projects\3D_Guidance\driveBAY2\Software\Working\Scott\Programs\Data Acquisition - Mapped System\MDSP\Release\mdsp.mdsp_ldr
Oct  6 2009 11:41:14 File size 440016, created on 0-4-5 at 2010:14
Oct  6 2009 11:41:14 Utility has successfully connected to DriveBay Tracker
Oct  6 2009 11:41:14 Utility is in user mode
Oct  6 2009 11:41:14 Utility has successfully connected to DriveBay Tracker
Oct  6 2009 11:41:14 Utility is in user mode
Oct  6 2009 11:41:14 Utility has successfully connected to DriveBay Tracker
Oct  6 2009 11:41:14 Utility is in user mode
Oct  6 2009 11:41:14 Downloading flash section 03
L:\Projects\3D_Guidance\driveBAY2\Software\Working\Scott\Programs\Data Acquisition - Mapped System\MDSP\Release\mdsp.mdsp_ldr
Oct  6 2009 11:41:14 File size 440016, created on 0-4-5 at 2010:16
Oct  6 2009 11:41:14 Utility has successfully connected to DriveBay Tracker
Oct  6 2009 11:41:14 Utility is in user mode
Oct  6 2009 11:41:14 Downloading flash section 03
L:\Projects\3D_Guidance\driveBAY2\Software\Working\Scott\Programs\Data Acquisition - Mapped System\MDSP\Release\mdsp.mdsp_ldr
Oct  6 2009 11:41:14 File size 440016, created on 0-4-5 at 2010:16
Oct  6 2009 11:41:14 Utility has successfully connected to DriveBay Tracker
Oct  6 2009 11:41:14 Utility is in user mode
Oct  6 2009 11:41:14 Downloading flash section 01
L:\Projects\3D_Guidance\driveBAY2\Software\Working\Scott\Programs\Data Acquisition - Mapped System\POServer-Mapped\Release\PO Server - Non Dipole.nd_ldr
Oct  6 2009 11:41:14 File size 1266144, created on 0-4-5 at 2010:16
Oct  6 2009 11:41:14 Utility has successfully connected to DriveBay Tracker
Oct  6 2009 11:41:14 Utility is in user mode
Oct  6 2009 11:41:14 Downloading flash section 03
L:\Projects\3D_Guidance\driveBAY2\Software\Working\Scott\Programs\Data Acquisition - Mapped System\MDSP\Release\mdsp.mdsp_ldr
Oct  6 2009 11:41:14 File size 440016, created on 0-4-5 at 2010:16
Oct  6 2009 11:41:14 Utility has successfully connected to DriveBay Tracker
Oct  6 2009 11:41:14 Utility is in user mode
Oct  6 2009 11:41:14 Downloading flash section 03
L:\Projects\3D_Guidance\driveBAY2\Software\Working\Scott\Programs\Data Acquisition - Mapped System\MDSP\Release\mdsp.mdsp_ldr
Oct  6 2009 11:41:14 File size 440016, created on 0-4-5 at 2010:16
Oct  6 2009 11:41:14 Utility has successfully connected to DriveBay Tracker
Oct  6 2009 11:41:14 Utility is in user mode
Oct  6 2009 11:41:14 Downloading flash section 03
L:\Projects\3D_Guidance\driveBAY2\Software\Working\ChrisC\MDSP\Release\mdsp.mdsp_ldr
Oct  6 2009 11:41:14 File size 440016, created on 0-4-6 at 2010:8
Oct  6 2009 11:41:14 Utility has successfully connected to DriveBay Tracker
Oct  6 2009 11:41:14 Utility is in user mode
Oct  6 2009 11:41:14 Downloading flash section 03
L:\Projects\3D_Guidance\driveBAY2\Software\Working\ChrisC\MDSP\Release\mdsp.mdsp_ldr
Oct  6 2009 11:41:14 File size 440088, created on 0-4-6 at 2010:9
Oct  6 2009 11:41:14 Utility has successfully connected to DriveBay Tracker
Oct  6 2009 11:41:14 Utility is in user mode
Oct  6 2009 11:41:14 Downloading flash section 03
L:\Projects\3D_Guidance\driveBAY2\Software\Working\ChrisC\MDSP\Release\mdsp.mdsp_ldr
Oct  6 2009 11:41:14 File size 440016, created on 0-4-6 at 2010:9
Oct  6 2009 11:41:14 Utility has successfully connected to DriveBay Tracker
Oct  6 2009 11:41:14 Utility is in user mode
Oct  6 2009 11:41:14 Downloading flash section 03
L:\Projects\3D_Guidance\driveBAY2\Software\Working\ChrisC\MDSP\Release\mdsp.mdsp_ldr
Oct  6 2009 11:41:14 File size 440016, created on 0-4-6 at 2010:9
Oct  6 2009 11:41:14 Utility has successfully connected to DriveBay Tracker
Oct  6 2009 11:41:14 Utility is in user mode
Oct  6 2009 11:41:14 Downloading flash section 03
L:\Projects\3D_Guidance\driveBAY2\Software\Working\ChrisC\MDSP\Release\mdsp.mdsp_ldr
Oct  6 2009 11:41:14 File size 440304, created on 0-4-6 at 2010:9
Oct  6 2009 11:41:14 Utility has successfully connected to DriveBay Tracker
Oct  6 2009 11:41:14 Utility is in user mode
Oct  6 2009 11:41:14 Downloading flash section 03
L:\Projects\3D_Guidance\driveBAY2\Software\Working\ChrisC\MDSP\Release\mdsp.mdsp_ldr
Oct  6 2009 11:41:14 File size 439656, created on 0-4-6 at 2010:9
Oct  6 2009 11:41:14 Utility has successfully connected to DriveBay Tracker
Oct  6 2009 11:41:14 Utility is in user mode
Oct  6 2009 11:41:14 Downloading flash section 03
L:\Projects\3D_Guidance\driveBAY2\Software\Working\Scott\Programs\Data Acquisition - Mapped System\MDSP\Release\mdsp.mdsp_ldr
Oct  6 2009 11:41:14 File size 434256, created on 0-4-6 at 2010:9
Oct  6 2009 11:41:14 Utility has successfully connected to DriveBay Tracker
Oct  6 2009 11:41:14 Utility is in user mode
Oct  6 2009 11:41:14 Downloading flash section 03
L:\Projects\3D_Guidance\driveBAY2\Software\Working\Scott\Programs\Data Acquisition - Mapped System\MDSP\Release\mdsp.mdsp_ldr
Oct  6 2009 11:41:14 File size 434256, created on 0-4-6 at 2010:10
Oct  6 2009 11:41:14 Downloading flash section 01
L:\Projects\3D_Guidance\driveBAY2\Software\Working\Scott\Programs\Data Acquisition - Mapped System\POServer-Mapped\Release\PO Server - Non Dipole.nd_ldr
Oct  6 2009 11:41:14 File size 1266144, created on 0-4-6 at 2010:10
Oct  6 2009 11:41:14 Utility has successfully connected to DriveBay Tracker
Oct  6 2009 11:41:14 Utility is in user mode
Oct  6 2009 11:41:14 Downloading flash section 01
L:\Projects\3D_Guidance\driveBAY2\Software\Working\Scott\Programs\Data Acquisition - Mapped System\POServer-Mapped\Release\PO Server - Non Dipole.nd_ldr
Oct  6 2009 11:41:14 File size 1266144, created on 0-4-6 at 2010:10
Oct  6 2009 11:41:14 Downloading flash section 01
L:\Projects\3D_Guidance\driveBAY2\Software\Working\Scott\Programs\Data Acquisition - Mapped System\POServer-Mapped\Release\PO Server - Non Dipole.nd_ldr
Oct  6 2009 11:41:14 File size 1266144, created on 0-4-6 at 2010:10
Oct  6 2009 11:41:14 Utility has successfully connected to DriveBay Tracker
Oct  6 2009 11:41:14 Utility is in user mode
Oct  6 2009 11:41:14 Downloading flash section 01
L:\Projects\3D_Guidance\driveBAY2\Software\Working\Scott\Programs\Data Acquisition - Mapped System\POServer-Mapped\Release\PO Server - Non Dipole.nd_ldr
Oct  6 2009 11:41:14 File size 1268016, created on 0-4-6 at 2010:10
Oct  6 2009 11:41:14 Utility has successfully connected to DriveBay Tracker
Oct  6 2009 11:41:14 Utility is in user mode
Oct  6 2009 11:41:14 Utility has successfully connected to DriveBay Tracker
Oct  6 2009 11:41:14 Utility is in user mode
Oct  6 2009 11:41:14 Downloading flash section 01
L:\Projects\3D_Guidance\driveBAY2\Software\Working\Scott\Programs\Data Acquisition - Mapped System\POServer-Mapped\Release\PO Server - Non Dipole.nd_ldr
Oct  6 2009 11:41:14 File size 1271184, created on 0-4-6 at 2010:11
Oct  6 2009 11:41:14 Downloading flash section 01
L:\Projects\3D_Guidance\driveBAY2\Software\Working\Scott\Programs\Data Acquisition - Mapped System\POServer-Mapped\Release\PO Server - Non Dipole.nd_ldr
Oct  6 2009 11:41:14 File size 1271184, created on 0-4-6 at 2010:11
Oct  6 2009 11:41:14 Utility has successfully connected to DriveBay Tracker
Oct  6 2009 11:41:14 Utility is in user mode
Oct  6 2009 11:41:14 Downloading flash section 03
L:\Projects\3D_Guidance\driveBAY2\Software\Working\ChrisC\MDSP\Release\mdsp.mdsp_ldr
Oct  6 2009 11:41:14 File size 434040, created on 0-4-6 at 2010:11
Oct  6 2009 11:41:14 Utility has successfully connected to DriveBay Tracker
Oct  6 2009 11:41:14 Utility is in user mode
Oct  6 2009 11:41:14 Downloading flash section 01
L:\Projects\3D_Guidance\driveBAY2\Software\Working\Scott\Programs\Data Acquisition - Mapped System\POServer-Mapped\Release\PO Server - Non Dipole.nd_ldr
Oct  6 2009 11:41:14 File size 1271544, created on 0-4-6 at 2010:12
Oct  6 2009 11:41:14 Utility has successfully connected to DriveBay Tracker
Oct  6 2009 11:41:14 Utility is in user mode
Oct  6 2009 11:41:14 Downloading flash section 03
L:\Projects\3D_Guidance\driveBAY2\Software\Working\ChrisC\MDSP\Release\mdsp.mdsp_ldr
Oct  6 2009 11:41:14 File size 434040, created on 0-4-6 at 2010:14
Oct  6 2009 11:41:14 Utility has successfully connected to DriveBay Tracker
Oct  6 2009 11:41:14 Utility is in user mode
Oct  6 2009 11:41:14 Downloading flash section 03
L:\Projects\3D_Guidance\driveBAY2\Software\Working\ChrisC\MDSP\Release\mdsp.mdsp_ldr
Oct  6 2009 11:41:14 File size 434256, created on 0-4-6 at 2010:14
Oct  6 2009 11:41:14 Utility has successfully connected to DriveBay Tracker
Oct  6 2009 11:41:14 Utility is in user mode
Oct  6 2009 11:41:14 Downloading flash section 03
L:\Projects\3D_Guidance\driveBAY2\Software\Working\ChrisC\MDSP\Release\mdsp.mdsp_ldr
Oct  6 2009 11:41:14 File size 434040, created on 0-4-6 at 2010:14
Oct  6 2009 11:41:14 Utility has successfully connected to DriveBay Tracker
Oct  6 2009 11:41:14 Utility is in user mode
Oct  6 2009 11:41:14 Downloading flash section 03
L:\Projects\3D_Guidance\driveBAY2\Software\Working\ChrisC\MDSP\Release\mdsp.mdsp_ldr
Oct  6 2009 11:41:14 File size 434256, created on 0-4-6 at 2010:15
Oct  6 2009 11:41:14 Utility has successfully connected to DriveBay Tracker
Oct  6 2009 11:41:14 Utility is in user mode
Oct  6 2009 11:41:14 Downloading flash section 03
L:\Projects\3D_Guidance\driveBAY2\Software\Working\ChrisC\MDSP\Release\mdsp.mdsp_ldr
Oct  6 2009 11:41:14 File size 434040, created on 0-4-6 at 2010:15
Oct  6 2009 11:41:14 Utility has successfully connected to DriveBay Tracker
Oct  6 2009 11:41:14 Utility is in user mode
Oct  6 2009 11:41:14 Downloading flash section 03
L:\Projects\3D_Guidance\driveBAY2\Software\Working\ChrisC\MDSP\Release\mdsp.mdsp_ldr
Oct  6 2009 11:41:14 File size 434040, created on 0-4-6 at 2010:15
Oct  6 2009 11:41:14 Utility has successfully connected to DriveBay Tracker
Oct  6 2009 11:41:14 Utility is in user mode
Oct  6 2009 11:41:14 Downloading flash section 01
L:\Projects\3D_Guidance\driveBAY2\Software\Working\Scott\Programs\Data Acquisition - Mapped System\POServer-Mapped\Release\PO Server - Non Dipole.nd_ldr
Oct  6 2009 11:41:14 File size 1275936, created on 0-4-6 at 2010:16
Oct  6 2009 11:41:14 Utility has successfully connected to DriveBay Tracker
Oct  6 2009 11:41:14 Utility is in user mode
Oct  6 2009 11:41:14 Utility has successfully connected to DriveBay Tracker
Oct  6 2009 11:41:14 Utility is in user mode
Oct  6 2009 11:41:14 Electronics unit is not connected
Oct  6 2009 11:41:14 Electronics unit is not connected
Oct  6 2009 11:41:14 Unable to read internal flash FCB table
Oct  6 2009 11:41:14 Utility has successfully connected to DriveBay Tracker
Oct  6 2009 11:41:14 Utility is in user mode
Oct  6 2009 11:41:14 Utility has successfully connected to DriveBay Tracker
Oct  6 2009 11:41:14 Utility is in user mode
Oct  6 2009 11:41:14 Utility has successfully connected to DriveBay Tracker
Oct  6 2009 11:41:14 Utility is in user mode
Oct  6 2009 11:41:14 Creating new FCB table
Oct  6 2009 11:41:14 New settings applied to flash
Oct  6 2009 11:41:14 Downloading flash section 01
L:\Projects\3D_Guidance\driveBAY2\Software\Support_Software\dB P&O Server - report 1R\poserver.po_ldr
Oct  6 2009 11:41:14 File size 1856184, created on 0-3-24 at 2010:15
Oct  6 2009 11:41:14 Downloading flash section 01
L:\Projects\3D_Guidance\driveBAY2\Software\Support_Software\dB P&O Server - report 1R\poserver.po_ldr
Oct  6 2009 11:41:14 File size 1856184, created on 0-3-24 at 2010:15
Oct  6 2009 11:41:14 Downloading flash section 03
L:\Projects\3D_Guidance\driveBAY2\Software\Work_Package\Project Setup\VisualDSP++ 5.0 Upgrade\MDSP-Baseline\Release\mdsp.mdsp_ldr
Oct  6 2009 11:41:14 File size 438360, created on 0-2-3 at 2010:14
Oct  6 2009 11:41:14 Downloading flash section 03
L:\Projects\3D_Guidance\driveBAY2\Software\Work_Package\Project Setup\VisualDSP++ 5.0 Upgrade\MDSP-Baseline\Release\mdsp.mdsp_ldr
Oct  6 2009 11:41:14 File size 438360, created on 0-2-3 at 2010:14
Oct  6 2009 11:41:14 Downloading flash section 04
L:\Projects\GE_drive_bay\Working\Deliverables WRT+MUBS.53 10-05-09\DSP-Loader Files\DiagStr.diag_bin
Oct  6 2009 11:41:14 File size 1780, created on 0-7-30 at 2009:11
Oct  6 2009 11:41:14 Downloading flash section 05
L:\Projects\GE_drive_bay\Working\Deliverables WRT+MUBS.53 10-05-09\DSP-Loader Files\ErrStr.err_bin
Oct  6 2009 11:41:14 File size 30480, created on 0-7-30 at 2009:11
Oct  6 2009 11:41:14 Utility has successfully connected to DriveBay Tracker
Oct  6 2009 11:41:14 Utility is in factory mode
Oct  6 2009 11:41:14 Downloading flash section 00
L:\Projects\GE_drive_bay\Working\Deliverables WRT+MUBS.53 10-05-09\DSP-Loader Files\Multi Boot Loader.boot_ldr
Oct  6 2009 11:41:14 File size 633624, created on 0-7-25 at 2007:15
Oct  6 2009 11:41:14 Downloading flash section 00
L:\Projects\GE_drive_bay\Working\Deliverables WRT+MUBS.53 10-05-09\DSP-Loader Files\Multi Boot Loader.boot_ldr
Oct  6 2009 11:41:14 File size 633624, created on 0-7-25 at 2007:15
Oct  6 2009 11:41:14 Utility has successfully connected to DriveBay Tracker
Oct  6 2009 11:41:14 Utility is in user mode
Oct  6 2009 11:41:14 Downloading flash section 01
L:\Projects\3D_Guidance\driveBAY2\Software\Work_Package\Data Acquisition - Mapped System\PO Server - Non Dipole - Channel Data Label.nd_ldr
Oct  6 2009 11:41:14 File size 1268016, created on 0-4-5 at 2010:15
Oct  6 2009 11:41:14 Utility has successfully connected to DriveBay Tracker
Oct  6 2009 11:41:14 Utility is in user mode
Oct  6 2009 11:41:14 Downloading flash section 03
L:\Projects\3D_Guidance\driveBAY2\Software\Working\Scott\Programs\Data Acquisition - Mapped System\MDSP\Release\mdsp.mdsp_ldr
Oct  6 2009 11:41:14 File size 434256, created on 0-4-16 at 2010:11
Oct  6 2009 11:41:14 Downloading flash section 03
L:\Projects\3D_Guidance\driveBAY2\Software\Working\Scott\Programs\Data Acquisition - Mapped System\MDSP\Release\mdsp.mdsp_ldr
Oct  6 2009 11:41:14 File size 434256, created on 0-4-16 at 2010:11
Oct  6 2009 11:41:14 Utility has successfully connected to DriveBay Tracker
Oct  6 2009 11:41:14 Utility is in user mode
Oct  6 2009 11:41:14 Downloading flash section 01
L:\Projects\3D_Guidance\driveBAY2\Software\Working\Scott\Programs\Data Acquisition - Mapped System\POServer-Mapped\Deliverable\PO Server - Non Dipole.nd_ldr
Oct  6 2009 11:41:14 File size 1466904, created on 0-2-15 at 2010:16
Oct  6 2009 11:41:14 Downloading flash section 01
L:\Projects\3D_Guidance\driveBAY2\Software\Work_Package\Data Acquisition - Mapped System\PO Server - Non Dipole - Channel Data Label.nd_ldr
Oct  6 2009 11:41:14 File size 1268016, created on 0-4-5 at 2010:15
Oct  6 2009 11:41:14 Utility has successfully connected to DriveBay Tracker
Oct  6 2009 11:41:14 Utility is in user mode
Oct  6 2009 11:41:14 Downloading flash section 03
L:\Projects\3D_Guidance\driveBAY2\Software\Working\Aaron\MDSP\Release\mdsp.mdsp_ldr
Oct  6 2009 11:41:14 File size 434256, created on 0-4-16 at 2010:16
Oct  6 2009 11:41:14 Downloading flash section 03
L:\Projects\3D_Guidance\driveBAY2\Software\Working\Aaron\MDSP\Release\mdsp.mdsp_ldr
Oct  6 2009 11:41:14 File size 434256, created on 0-4-16 at 2010:16
Oct  6 2009 11:41:14 Downloading flash section 01
L:\Projects\3D_Guidance\driveBAY2\Software\Working\Aaron\POSERVERNONDIPOLE_POPROCESSING\Deliverable\PO Server - Non Dipole.nd_ldr
Oct  6 2009 11:41:14 File size 1631520, created on 0-4-16 at 2010:16
Oct  6 2009 11:41:14 Utility has successfully connected to DriveBay Tracker
Oct  6 2009 11:41:14 Utility is in user mode
Oct  6 2009 11:41:14 Downloading flash section 01
L:\Projects\3D_Guidance\driveBAY2\Software\Working\Aaron\POSERVERNONDIPOLE_POPROCESSING\Release\PO Server - Non Dipole.nd_ldr
Oct  6 2009 11:41:14 File size 1271544, created on 0-4-16 at 2010:17
Oct  6 2009 11:41:14 Utility has successfully connected to DriveBay Tracker
Oct  6 2009 11:41:14 Utility is in factory mode
Oct  6 2009 11:41:14 Utility has successfully connected to DriveBay Tracker
Oct  6 2009 11:41:14 Utility is in user mode
Oct  6 2009 11:41:14 New settings applied to flash
Oct  6 2009 11:41:14 Utility has successfully connected to DriveBay Tracker
Oct  6 2009 11:41:14 Utility is in factory mode
Oct  6 2009 11:41:14 Downloading flash section 03
L:\Projects\3D_Guidance\driveBAY2\Software\Working\Aaron\MDSP\Release\mdsp.mdsp_ldr
Oct  6 2009 11:41:14 File size 434256, created on 0-4-16 at 2010:16
Oct  6 2009 11:41:14 Downloading flash section 03
L:\Projects\3D_Guidance\driveBAY2\Software\Working\Aaron\MDSP\Release\mdsp.mdsp_ldr
Oct  6 2009 11:41:14 File size 434256, created on 0-4-16 at 2010:16
Oct  6 2009 11:41:14 Utility has successfully connected to DriveBay Tracker
Oct  6 2009 11:41:14 Utility is in factory mode
Oct  6 2009 11:41:14 Unable to read internal flash FCB table
Oct  6 2009 11:41:14 Unable to read internal flash FCB table
Oct  6 2009 11:41:14 Utility has successfully connected to DriveBay Tracker
Oct  6 2009 11:41:14 Utility is in factory mode
Oct  6 2009 11:41:14 Utility has successfully connected to DriveBay Tracker
Oct  6 2009 11:41:14 Utility is in factory mode
Oct  6 2009 11:41:14 Utility has successfully connected to DriveBay Tracker
Oct  6 2009 11:41:14 Utility is in factory mode
Oct  6 2009 11:41:14 Utility has successfully connected to DriveBay Tracker
Oct  6 2009 11:41:14 Utility is in factory mode
Oct  6 2009 11:41:14 Utility has successfully connected to DriveBay Tracker
Oct  6 2009 11:41:14 Utility is in factory mode
Oct  6 2009 11:41:14 Downloading flash section 00
L:\Projects\3D_Guidance\driveBAY2\Software\Working\Aaron\MULTIBOOT\Release\Multi Boot Loader.boot_ldr
Oct  6 2009 11:41:14 File size 588504, created on 0-4-22 at 2010:18
Oct  6 2009 11:41:14 Downloading flash section 00
L:\Projects\3D_Guidance\driveBAY2\Software\Working\Aaron\MULTIBOOT\Release\Multi Boot Loader.boot_ldr
Oct  6 2009 11:41:14 File size 588504, created on 0-4-22 at 2010:18
Oct  6 2009 11:41:14 Utility has successfully connected to DriveBay Tracker
Oct  6 2009 11:41:14 Utility is in factory mode
Oct  6 2009 11:41:14 Utility has successfully connected to DriveBay Tracker
Oct  6 2009 11:41:14 Utility is in factory mode
Oct  6 2009 11:41:14 Downloading flash section 00
L:\Projects\3D_Guidance\driveBAY2\Software\Working\Aaron\MULTIBOOT\Release\Multi Boot Loader.boot_ldr
Oct  6 2009 11:41:14 File size 589368, created on 0-4-23 at 2010:9
Oct  6 2009 11:41:14 Utility has successfully connected to DriveBay Tracker
Oct  6 2009 11:41:14 Utility is in factory mode
Oct  6 2009 11:41:14 Downloading flash section 00
L:\Projects\3D_Guidance\driveBAY2\Software\Work_Package\Project Setup\VisualDSP++ 5.0 Upgrade\MultiBoot-Baseline\Release\Multi Boot Loader.boot_ldr
Oct  6 2009 11:41:14 File size 556656, created on 0-2-3 at 2010:14
Oct  6 2009 11:41:14 Downloading flash section 00
L:\Projects\3D_Guidance\driveBAY2\Software\Work_Package\Project Setup\VisualDSP++ 5.0 Upgrade\MultiBoot-Baseline\Release\Multi Boot Loader.boot_ldr
Oct  6 2009 11:41:14 File size 556656, created on 0-2-3 at 2010:14
Oct  6 2009 11:41:14 Utility has successfully connected to DriveBay Tracker
Oct  6 2009 11:41:14 Utility is in factory mode
Oct  6 2009 11:41:14 Utility has successfully connected to DriveBay Tracker
Oct  6 2009 11:41:14 Utility is in factory mode
Oct  6 2009 11:41:14 Downloading flash section 00
L:\Projects\3D_Guidance\driveBAY2\Software\Working\Aaron\MULTIBOOT\Release\Multi Boot Loader.boot_ldr
Oct  6 2009 11:41:14 File size 589368, created on 0-4-23 at 2010:9
Oct  6 2009 11:41:14 Downloading flash section 00
L:\Projects\3D_Guidance\driveBAY2\Software\Working\Aaron\MULTIBOOT\Release\Multi Boot Loader.boot_ldr
Oct  6 2009 11:41:14 File size 589368, created on 0-4-23 at 2010:9
Oct  6 2009 11:41:14 Utility has successfully connected to DriveBay Tracker
Oct  6 2009 11:41:14 Utility is in factory mode
Oct  6 2009 11:41:14 Utility has successfully connected to DriveBay Tracker
Oct  6 2009 11:41:14 Utility is in factory mode
Oct  6 2009 11:41:14 Downloading flash section 00
L:\Projects\3D_Guidance\driveBAY2\Software\Working\Aaron\MULTIBOOT\Release\Multi Boot Loader.boot_ldr
Oct  6 2009 11:41:14 File size 589368, created on 0-4-23 at 2010:10
Oct  6 2009 11:41:14 Utility has successfully connected to DriveBay Tracker
Oct  6 2009 11:41:14 Utility is in factory mode
Oct  6 2009 11:41:14 Downloading flash section 00
L:\Projects\3D_Guidance\driveBAY2\Software\Working\Aaron\MULTIBOOT\Release\Multi Boot Loader.boot_ldr
Oct  6 2009 11:41:14 File size 596784, created on 0-4-23 at 2010:13
Oct  6 2009 11:41:14 Downloading flash section 00
L:\Projects\3D_Guidance\driveBAY2\Software\Working\Aaron\MULTIBOOT\Release\Multi Boot Loader.boot_ldr
Oct  6 2009 11:41:14 File size 596784, created on 0-4-23 at 2010:13
Oct  6 2009 11:41:14 Utility has successfully connected to DriveBay Tracker
Oct  6 2009 11:41:14 Utility is in factory mode
Oct  6 2009 11:41:14 Downloading flash section 00
L:\Projects\3D_Guidance\driveBAY2\Software\Working\Aaron\MULTIBOOT\Release\Multi Boot Loader.boot_ldr
Oct  6 2009 11:41:14 File size 596784, created on 0-4-23 at 2010:14
Oct  6 2009 11:41:14 Downloading flash section 00
L:\Projects\3D_Guidance\driveBAY2\Software\Working\Aaron\MULTIBOOT\Release\Multi Boot Loader.boot_ldr
Oct  6 2009 11:41:14 File size 596784, created on 0-4-23 at 2010:14
Oct  6 2009 11:41:14 Utility has successfully connected to DriveBay Tracker
Oct  6 2009 11:41:14 Utility is in factory mode
Oct  6 2009 11:41:14 Utility has successfully connected to DriveBay Tracker
Oct  6 2009 11:41:14 Utility is in factory mode
Oct  6 2009 11:41:14 Utility has successfully connected to DriveBay Tracker
Oct  6 2009 11:41:14 Utility is in user mode
Oct  6 2009 11:41:14 New settings applied to flash
Oct  6 2009 11:41:14 Utility has successfully connected to DriveBay Tracker
Oct  6 2009 11:41:14 Utility is in user mode
Oct  6 2009 11:41:14 New settings applied to flash
Oct  6 2009 11:41:14 Utility has successfully connected to DriveBay Tracker
Oct  6 2009 11:41:14 Utility is in user mode
Oct  6 2009 11:41:14 Utility has successfully connected to DriveBay Tracker
Oct  6 2009 11:41:14 Utility is in user mode
Oct  6 2009 11:41:14 Unable to read internal flash FCB table
Oct  6 2009 11:41:14 Utility has successfully connected to DriveBay Tracker
Oct  6 2009 11:41:14 Utility is in user mode
Oct  6 2009 11:41:14 Utility has successfully connected to DriveBay Tracker
Oct  6 2009 11:41:14 Utility is in user mode
Oct  6 2009 11:41:14 Utility has successfully connected to DriveBay Tracker
Oct  6 2009 11:41:14 Utility is in user mode
Oct  6 2009 11:41:14 Utility has successfully connected to DriveBay Tracker
Oct  6 2009 11:41:14 Utility is in user mode
Oct  6 2009 11:41:14 Utility has successfully connected to DriveBay Tracker
Oct  6 2009 11:41:14 Utility is in user mode
Oct  6 2009 11:41:14 Utility has successfully connected to DriveBay Tracker
Oct  6 2009 11:41:14 Utility is in user mode
Oct  6 2009 11:41:14 Utility has successfully connected to DriveBay Tracker
Oct  6 2009 11:41:14 Utility is in user mode
Oct  6 2009 11:41:14 Utility has successfully connected to DriveBay Tracker
Oct  6 2009 11:41:14 Utility is in user mode
Oct  6 2009 11:41:14 Utility has successfully connected to DriveBay Tracker
Oct  6 2009 11:41:14 Utility is in user mode
Oct  6 2009 11:41:14 Utility has successfully connected to DriveBay Tracker
Oct  6 2009 11:41:14 Utility is in user mode
Oct  6 2009 11:41:14 Utility has successfully connected to DriveBay Tracker
Oct  6 2009 11:41:14 Utility is in user mode
Oct  6 2009 11:41:14 Utility has successfully connected to DriveBay Tracker
Oct  6 2009 11:41:14 Utility is in user mode
Oct  6 2009 11:41:14 Utility has successfully connected to DriveBay Tracker
Oct  6 2009 11:41:14 Utility is in user mode
Oct  6 2009 11:41:14 Utility has successfully connected to DriveBay Tracker
Oct  6 2009 11:41:14 Utility is in user mode
Oct  6 2009 11:41:14 Utility has successfully connected to DriveBay Tracker
Oct  6 2009 11:41:14 Utility is in user mode
Oct  6 2009 11:41:14 Utility has successfully connected to DriveBay Tracker
Oct  6 2009 11:41:14 Utility is in user mode
Oct  6 2009 11:41:14 Utility has successfully connected to DriveBay Tracker
Oct  6 2009 11:41:14 Utility is in user mode
Oct  6 2009 11:41:14 Utility has successfully connected to DriveBay Tracker
Oct  6 2009 11:41:14 Utility is in user mode
Oct  6 2009 11:41:14 Utility has successfully connected to DriveBay Tracker
Oct  6 2009 11:41:14 Utility is in user mode
Oct  6 2009 11:41:14 Utility has successfully connected to DriveBay Tracker
Oct  6 2009 11:41:14 Utility is in user mode
Oct  6 2009 11:41:14 Utility has successfully connected to DriveBay Tracker
Oct  6 2009 11:41:14 Utility is in user mode
Oct  6 2009 11:41:14 Utility has successfully connected to DriveBay Tracker
Oct  6 2009 11:41:14 Utility is in user mode
Oct  6 2009 11:41:14 Utility has successfully connected to DriveBay Tracker
Oct  6 2009 11:41:14 Utility is in user mode
Oct  6 2009 11:41:14 Utility has successfully connected to DriveBay Tracker
Oct  6 2009 11:41:14 Utility is in user mode
Oct  6 2009 11:41:14 Utility has successfully connected to DriveBay Tracker
Oct  6 2009 11:41:14 Utility is in user mode
Oct  6 2009 11:41:14 Utility has successfully connected to DriveBay Tracker
Oct  6 2009 11:41:14 Utility is in user mode
Oct  6 2009 11:41:14 Utility has successfully connected to DriveBay Tracker
Oct  6 2009 11:41:14 Utility is in user mode
Oct  6 2009 11:41:14 Utility has successfully connected to DriveBay Tracker
Oct  6 2009 11:41:14 Utility is in user mode
Oct  6 2009 11:41:14 Utility has successfully connected to DriveBay Tracker
Oct  6 2009 11:41:14 Utility is in user mode
Oct  6 2009 11:41:14 Utility has successfully connected to DriveBay Tracker
Oct  6 2009 11:41:14 Utility is in user mode
Oct  6 2009 11:41:14 Utility has successfully connected to DriveBay Tracker
Oct  6 2009 11:41:14 Utility is in user mode
Oct  6 2009 11:41:14 Utility has successfully connected to DriveBay Tracker
Oct  6 2009 11:41:14 Utility is in user mode
Oct  6 2009 11:41:14 Utility has successfully connected to DriveBay Tracker
Oct  6 2009 11:41:14 Utility is in user mode
Oct  6 2009 11:41:14 Utility has successfully connected to DriveBay Tracker
Oct  6 2009 11:41:14 Utility is in user mode
Oct  6 2009 11:41:14 Utility has successfully connected to DriveBay Tracker
Oct  6 2009 11:41:14 Utility is in user mode
Oct  6 2009 11:41:14 Utility has successfully connected to DriveBay Tracker
Oct  6 2009 11:41:14 Utility is in user mode
Oct  6 2009 11:41:14 Utility has successfully connected to DriveBay Tracker
Oct  6 2009 11:41:14 Utility is in user mode
Oct  6 2009 11:41:14 Utility has successfully connected to DriveBay Tracker
Oct  6 2009 11:41:14 Utility is in user mode
Oct  6 2009 11:41:14 Utility has successfully connected to DriveBay Tracker
Oct  6 2009 11:41:14 Utility is in user mode
Oct  6 2009 11:41:14 Utility has successfully connected to DriveBay Tracker
Oct  6 2009 11:41:14 Utility is in user mode
Oct  6 2009 11:41:14 Utility has successfully connected to DriveBay Tracker
Oct  6 2009 11:41:14 Utility is in user mode
Oct  6 2009 11:41:14 Electronics unit is not connected
Oct  6 2009 11:41:14 Utility has successfully connected to DriveBay Tracker
Oct  6 2009 11:41:14 Utility is in user mode
Oct  6 2009 11:41:14 Utility has successfully connected to DriveBay Tracker
Oct  6 2009 11:41:14 Utility is in user mode
Oct  6 2009 11:41:14 Utility has successfully connected to DriveBay Tracker
Oct  6 2009 11:41:14 Utility is in user mode
Oct  6 2009 11:41:14 Utility has successfully connected to DriveBay Tracker
Oct  6 2009 11:41:14 Utility is in user mode
Oct  6 2009 11:41:14 Utility has successfully connected to DriveBay Tracker
Oct  6 2009 11:41:14 Utility is in user mode
Oct  6 2009 11:41:14 Utility has successfully connected to DriveBay Tracker
Oct  6 2009 11:41:14 Utility is in user mode
Oct  6 2009 11:41:14 Utility has successfully connected to DriveBay Tracker
Oct  6 2009 11:41:14 Utility is in user mode
Oct  6 2009 11:41:14 Electronics unit is not connected
Oct  6 2009 11:41:14 Utility has successfully connected to DriveBay Tracker
Oct  6 2009 11:41:14 Utility is in user mode
Oct  6 2009 11:41:14 Electronics unit is not connected
Oct  6 2009 11:41:14 Utility has successfully connected to DriveBay Tracker
Oct  6 2009 11:41:14 Utility is in user mode
Oct  6 2009 11:41:14 New settings applied to flash
Oct  6 2009 11:41:14 Utility has successfully connected to DriveBay Tracker
Oct  6 2009 11:41:14 Utility is in user mode
Oct  6 2009 11:41:14 New settings applied to flash
Oct  6 2009 11:41:14 Utility has successfully connected to DriveBay Tracker
Oct  6 2009 11:41:14 Utility is in user mode
Oct  6 2009 11:41:14 Utility has successfully connected to DriveBay Tracker
Oct  6 2009 11:41:14 Utility is in user mode
Oct  6 2009 11:41:14 Unable to read internal flash FCB table
Oct  6 2009 11:41:14 Utility has successfully connected to DriveBay Tracker
Oct  6 2009 11:41:14 Utility is in user mode
Oct  6 2009 11:41:14 Utility has successfully connected to DriveBay Tracker
Oct  6 2009 11:41:14 Utility is in user mode
Oct  6 2009 11:41:14 Utility has successfully connected to DriveBay Tracker
Oct  6 2009 11:41:14 Utility is in user mode
Oct  6 2009 11:41:14 Utility has successfully connected to DriveBay Tracker
Oct  6 2009 11:41:14 Utility is in user mode
Oct  6 2009 11:41:14 Electronics unit is not connected
Oct  6 2009 11:41:14 Utility has successfully connected to DriveBay Tracker
Oct  6 2009 11:41:14 Utility is in user mode
Oct  6 2009 11:41:14 Utility has successfully connected to DriveBay Tracker
Oct  6 2009 11:41:14 Utility is in user mode
Oct  6 2009 11:41:14 Utility has successfully connected to DriveBay Tracker
Oct  6 2009 11:41:14 Utility is in user mode
Oct  6 2009 11:41:14 Utility has successfully connected to DriveBay Tracker
Oct  6 2009 11:41:14 Utility is in user mode
Oct  6 2009 11:41:14 Utility has successfully connected to DriveBay Tracker
Oct  6 2009 11:41:14 Utility is in user mode
Oct  6 2009 11:41:14 New settings applied to flash
Oct  6 2009 11:41:14 Utility has successfully connected to DriveBay Tracker
Oct  6 2009 11:41:14 Utility is in user mode
Oct  6 2009 11:41:14 Utility has successfully connected to DriveBay Tracker
Oct  6 2009 11:41:14 Utility is in user mode
Oct  6 2009 11:41:14 Utility has successfully connected to DriveBay Tracker
Oct  6 2009 11:41:14 Utility is in user mode
Oct  6 2009 11:41:14 Downloading flash section 01
L:\Projects\ATC_TRAKSTAR\Release\ATC_trakSTAR_940038_RevD\driveBAY_Utility\DSP-Loader Files\poserver.po_ldr
Oct  6 2009 11:41:14 File size 1911384, created on 0-9-23 at 2009:15
Oct  6 2009 11:41:14 Downloading flash section 03
L:\Projects\ATC_TRAKSTAR\Release\ATC_trakSTAR_940038_RevD\driveBAY_Utility\DSP-Loader Files\mdsp.mdsp_ldr
Oct  6 2009 11:41:14 File size 504072, created on 0-9-9 at 2009:16
Oct  6 2009 11:41:14 Downloading flash section 03
L:\Projects\ATC_TRAKSTAR\Release\ATC_trakSTAR_940038_RevD\driveBAY_Utility\DSP-Loader Files\mdsp.mdsp_ldr
Oct  6 2009 11:41:14 File size 504072, created on 0-9-9 at 2009:16
Oct  6 2009 11:41:14 Downloading flash section 04
L:\Projects\ATC_TRAKSTAR\Release\ATC_trakSTAR_940038_RevD\driveBAY_Utility\DSP-Loader Files\DiagStr.diag_bin
Oct  6 2009 11:41:14 File size 1780, created on 0-7-30 at 2009:11
Oct  6 2009 11:41:14 Downloading flash section 05
L:\Projects\ATC_TRAKSTAR\Release\ATC_trakSTAR_940038_RevD\driveBAY_Utility\DSP-Loader Files\ErrStr.err_bin
Oct  6 2009 11:41:14 File size 30480, created on 0-7-30 at 2009:11
Oct  6 2009 11:41:14 Utility has successfully connected to DriveBay Tracker
Oct  6 2009 11:41:14 Utility is in user mode
Oct  6 2009 11:41:14 Utility has successfully connected to DriveBay Tracker
Oct  6 2009 11:41:14 Utility is in user mode
Oct  6 2009 11:41:14 Utility has successfully connected to DriveBay Tracker
Oct  6 2009 11:41:14 Utility is in user mode
Oct  6 2009 11:41:14 Utility has successfully connected to DriveBay Tracker
Oct  6 2009 11:41:14 Utility is in user mode
Oct  6 2009 11:41:14 Utility has successfully connected to DriveBay Tracker
Oct  6 2009 11:41:14 Utility is in user mode
Oct  6 2009 11:41:14 Utility has successfully connected to DriveBay Tracker
Oct  6 2009 11:41:14 Utility is in user mode
Oct  6 2009 11:41:14 Utility has successfully connected to DriveBay Tracker
Oct  6 2009 11:41:14 Utility is in user mode
Oct  6 2009 11:41:14 Utility has successfully connected to DriveBay Tracker
Oct  6 2009 11:41:14 Utility is in user mode
Oct  6 2009 11:41:14 Utility has successfully connected to DriveBay Tracker
Oct  6 2009 11:41:14 Utility is in user mode
Oct  6 2009 11:41:14 Utility has successfully connected to DriveBay Tracker
Oct  6 2009 11:41:14 Utility is in user mode
Oct  6 2009 11:41:14 Utility has successfully connected to DriveBay Tracker
Oct  6 2009 11:41:14 Utility is in user mode
Oct  6 2009 11:41:14 Utility has successfully connected to DriveBay Tracker
Oct  6 2009 11:41:14 Utility is in user mode
Oct  6 2009 11:41:14 Utility has successfully connected to DriveBay Tracker
Oct  6 2009 11:41:14 Utility is in user mode
Oct  6 2009 11:41:14 Utility has successfully connected to DriveBay Tracker
Oct  6 2009 11:41:14 Utility is in user mode
Oct  6 2009 11:41:14 Utility has successfully connected to DriveBay Tracker
Oct  6 2009 11:41:14 Utility is in user mode
Oct  6 2009 11:41:14 Utility has successfully connected to DriveBay Tracker
Oct  6 2009 11:41:14 Utility is in user mode
Oct  6 2009 11:41:14 Utility has successfully connected to DriveBay Tracker
Oct  6 2009 11:41:14 Utility is in user mode
Oct  6 2009 11:41:14 Utility has successfully connected to DriveBay Tracker
Oct  6 2009 11:41:14 Utility is in user mode
Oct  6 2009 11:41:14 Utility has successfully connected to DriveBay Tracker
Oct  6 2009 11:41:14 Utility is in user mode
Oct  6 2009 11:41:14 Utility has successfully connected to DriveBay Tracker
Oct  6 2009 11:41:14 Utility is in user mode
Oct  6 2009 11:41:14 Utility has successfully connected to DriveBay Tracker
Oct  6 2009 11:41:14 Utility is in user mode
Oct  6 2009 11:41:14 Utility has successfully connected to DriveBay Tracker
Oct  6 2009 11:41:14 Utility is in user mode
Oct  6 2009 11:41:14 Utility has successfully connected to DriveBay Tracker
Oct  6 2009 11:41:14 Utility is in user mode
Oct  6 2009 11:41:14 Utility has successfully connected to DriveBay Tracker
Oct  6 2009 11:41:14 Utility is in user mode
Oct  6 2009 11:41:14 Utility has successfully connected to DriveBay Tracker
Oct  6 2009 11:41:14 Utility is in user mode
Oct  6 2009 11:41:14 Utility has successfully connected to DriveBay Tracker
Oct  6 2009 11:41:14 Utility is in user mode
Oct  6 2009 11:41:14 Utility has successfully connected to DriveBay Tracker
Oct  6 2009 11:41:14 Utility is in user mode
Oct  6 2009 11:41:14 Utility has successfully connected to DriveBay Tracker
Oct  6 2009 11:41:14 Utility is in user mode
Oct  6 2009 11:41:14 New settings applied to flash
Oct  6 2009 11:41:14 Utility has successfully connected to DriveBay Tracker
Oct  6 2009 11:41:14 Utility is in user mode
Oct  6 2009 11:41:14 New settings applied to flash
Oct  6 2009 11:41:14 New settings applied to flash
Oct  6 2009 11:41:14 Utility has successfully connected to DriveBay Tracker
Oct  6 2009 11:41:14 Utility is in user mode
Oct  6 2009 11:41:14 Utility has successfully connected to DriveBay Tracker
Oct  6 2009 11:41:14 Utility is in user mode
Oct  6 2009 11:41:14 Utility has successfully connected to DriveBay Tracker
Oct  6 2009 11:41:14 Utility is in user mode
Oct  6 2009 11:41:14 Utility has successfully connected to DriveBay Tracker
Oct  6 2009 11:41:14 Utility is in user mode
Oct  6 2009 11:41:14 Utility has successfully connected to DriveBay Tracker
Oct  6 2009 11:41:14 Utility is in user mode
Oct  6 2009 11:41:14 Unable to read internal flash FCB table
Oct  6 2009 11:41:14 Utility has successfully connected to DriveBay Tracker
Oct  6 2009 11:41:14 Utility is in user mode
Oct  6 2009 11:41:14 New settings applied to flash
Oct  6 2009 11:41:14 Utility has successfully connected to DriveBay Tracker
Oct  6 2009 11:41:14 Utility is in user mode
Oct  6 2009 11:41:14 Utility has successfully connected to DriveBay Tracker
Oct  6 2009 11:41:14 Utility is in user mode
Oct  6 2009 11:41:14 Utility has successfully connected to DriveBay Tracker
Oct  6 2009 11:41:14 Utility is in user mode
Oct  6 2009 11:41:14 Utility has successfully connected to DriveBay Tracker
Oct  6 2009 11:41:14 Utility is in user mode
Oct  6 2009 11:41:14 New settings applied to flash
Oct  6 2009 11:41:14 New settings applied to flash
Oct  6 2009 11:41:14 Utility has successfully connected to DriveBay Tracker
Oct  6 2009 11:41:14 Utility is in user mode
Oct  6 2009 11:41:14 Utility has successfully connected to DriveBay Tracker
Oct  6 2009 11:41:14 Utility is in user mode
Oct  6 2009 11:41:14 New settings applied to flash
Oct  6 2009 11:41:14 Utility has successfully connected to DriveBay Tracker
Oct  6 2009 11:41:14 Utility is in user mode
Oct  6 2009 11:41:14 Utility has successfully connected to DriveBay Tracker
Oct  6 2009 11:41:14 Utility is in factory mode
Oct  6 2009 11:41:14 Downloading flash section 01
L:\Projects\ATC_TRAKSTAR\Release\ATC_trakSTAR_940038_RevD\driveBAY_Utility\DSP-Loader Files\poserver.po_ldr
Oct  6 2009 11:41:14 File size 1911384, created on 0-9-23 at 2009:15
Oct  6 2009 11:41:14 Downloading flash section 03
L:\Projects\ATC_TRAKSTAR\Release\ATC_trakSTAR_940038_RevD\driveBAY_Utility\DSP-Loader Files\mdsp.mdsp_ldr
Oct  6 2009 11:41:14 File size 504072, created on 0-9-9 at 2009:16
Oct  6 2009 11:41:14 Downloading flash section 04
L:\Projects\ATC_TRAKSTAR\Release\ATC_trakSTAR_940038_RevD\driveBAY_Utility\DSP-Loader Files\DiagStr.diag_bin
Oct  6 2009 11:41:14 File size 1780, created on 0-7-30 at 2009:11
Oct  6 2009 11:41:14 Downloading flash section 05
L:\Projects\ATC_TRAKSTAR\Release\ATC_trakSTAR_940038_RevD\driveBAY_Utility\DSP-Loader Files\ErrStr.err_bin
Oct  6 2009 11:41:14 File size 30480, created on 0-7-30 at 2009:11
Oct  6 2009 11:41:14 New settings applied to flash
Oct  6 2009 11:41:14 Downloading flash section 00
L:\Projects\GE_drive_bay\Working\Deliverables WRT+MUBS.53 10-05-09\DSP-Loader Files\Multi Boot Loader.boot_ldr
Oct  6 2009 11:41:14 File size 633624, created on 0-7-25 at 2007:15
Oct  6 2009 11:41:14 Utility has successfully connected to DriveBay Tracker
Oct  6 2009 11:41:14 Utility is in user mode
Oct  6 2009 11:41:14 Utility has successfully connected to DriveBay Tracker
Oct  6 2009 11:41:14 Utility is in user mode
Oct  6 2009 11:41:14 New settings applied to flash
Oct  6 2009 11:41:14 Utility has successfully connected to DriveBay Tracker
Oct  6 2009 11:41:14 Utility is in user mode
Oct  6 2009 11:41:14 Utility has successfully connected to DriveBay Tracker
Oct  6 2009 11:41:14 Utility is in factory mode
Oct  6 2009 11:41:14 New settings applied to flash
Oct  6 2009 11:41:14 Utility has successfully connected to DriveBay Tracker
Oct  6 2009 11:41:14 Utility is in factory mode
Oct  6 2009 11:41:14 Downloading flash section 04
L:\Projects\ATC_TRAKSTAR\Release\ATC_trakSTAR_940038_RevD\driveBAY_Utility\DSP-Loader Files\DiagStr.diag_bin
Oct  6 2009 11:41:14 File size 1780, created on 0-7-30 at 2009:11
Oct  6 2009 11:41:14 Downloading flash section 05
L:\Projects\ATC_TRAKSTAR\Release\ATC_trakSTAR_940038_RevD\driveBAY_Utility\DSP-Loader Files\ErrStr.err_bin
Oct  6 2009 11:41:14 File size 30480, created on 0-7-30 at 2009:11
Oct  6 2009 11:41:14 Utility has successfully connected to DriveBay Tracker
Oct  6 2009 11:41:14 Utility is in factory mode
